#! /usr/bin/vvp
:ivl_version "10.3 (stable)";
:ivl_delay_selection "TYPICAL";
:vpi_time_precision + 0;
:vpi_module "system";
:vpi_module "vhdl_sys";
:vpi_module "v2005_math";
:vpi_module "va_math";
S_0x55b284713bc0 .scope module, "tb" "tb" 2 1;
 .timescale 0 0;
v0x55b284728950_0 .var "clk", 0 0;
v0x55b284728a10_0 .var "cnt", 31 0;
v0x55b284728ad0_0 .var "d", 3 0;
v0x55b284728bd0_0 .var "load", 0 0;
v0x55b284728ca0_0 .net "q", 3 0, v0x55b2847286a0_0;  1 drivers
v0x55b284728d90_0 .var "reset", 0 0;
S_0x55b284713d40 .scope module, "c" "counter" 2 21, 3 1 0, S_0x55b284713bc0;
 .timescale 0 0;
    .port_info 0 /INPUT 1 "clk"
    .port_info 1 /INPUT 1 "enable"
    .port_info 2 /INPUT 1 "reset"
    .port_info 3 /INPUT 1 "load"
    .port_info 4 /INPUT 4 "d"
    .port_info 5 /OUTPUT 4 "q"
v0x55b2846dc030_0 .net "clk", 0 0, v0x55b284728950_0;  1 drivers
v0x55b284728460_0 .net "d", 3 0, v0x55b284728ad0_0;  1 drivers
L_0x7fcc066de018 .functor BUFT 1, C4<1>, C4<0>, C4<0>, C4<0>;
v0x55b284728540_0 .net "enable", 0 0, L_0x7fcc066de018;  1 drivers
v0x55b2847285e0_0 .net "load", 0 0, v0x55b284728bd0_0;  1 drivers
v0x55b2847286a0_0 .var "q", 3 0;
v0x55b2847287d0_0 .net "reset", 0 0, v0x55b284728d90_0;  1 drivers
E_0x55b284711500 .event posedge, v0x55b2846dc030_0;
    .scope S_0x55b284713d40;
T_0 ;
    %pushi/vec4 1, 0, 4;
    %store/vec4 v0x55b2847286a0_0, 0, 4;
    %end;
    .thread T_0;
    .scope S_0x55b284713d40;
T_1 ;
    %wait E_0x55b284711500;
    %load/vec4 v0x55b284728540_0;
    %pad/u 32;
    %cmpi/e 1, 0, 32;
    %jmp/0xz  T_1.0, 4;
    %load/vec4 v0x55b2847287d0_0;
    %pad/u 32;
    %cmpi/e 1, 0, 32;
    %jmp/0xz  T_1.2, 4;
    %pushi/vec4 1, 0, 4;
    %assign/vec4 v0x55b2847286a0_0, 0;
    %jmp T_1.3;
T_1.2 ;
    %load/vec4 v0x55b2847285e0_0;
    %pad/u 32;
    %cmpi/e 1, 0, 32;
    %jmp/0xz  T_1.4, 4;
    %load/vec4 v0x55b284728460_0;
    %assign/vec4 v0x55b2847286a0_0, 0;
    %jmp T_1.5;
T_1.4 ;
    %load/vec4 v0x55b2847286a0_0;
    %pad/u 32;
    %cmpi/u 12, 0, 32;
    %jmp/0xz  T_1.6, 5;
    %load/vec4 v0x55b2847286a0_0;
    %addi 1, 0, 4;
    %assign/vec4 v0x55b2847286a0_0, 0;
    %jmp T_1.7;
T_1.6 ;
    %pushi/vec4 1, 0, 4;
    %assign/vec4 v0x55b2847286a0_0, 0;
T_1.7 ;
T_1.5 ;
T_1.3 ;
T_1.0 ;
    %jmp T_1;
    .thread T_1;
    .scope S_0x55b284713bc0;
T_2 ;
    %vpi_call 2 3 "$dumpfile", "test.vcd" {0 0 0};
    %vpi_call 2 4 "$dumpvars", 32'sb00000000000000000000000000000000, S_0x55b284713bc0 {0 0 0};
    %end;
    .thread T_2;
    .scope S_0x55b284713bc0;
T_3 ;
    %delay 5, 0;
    %load/vec4 v0x55b284728950_0;
    %inv;
    %assign/vec4 v0x55b284728950_0, 0;
    %jmp T_3;
    .thread T_3;
    .scope S_0x55b284713bc0;
T_4 ;
    %wait E_0x55b284711500;
    %vpi_call 2 14 "$display", "%d| %d| %d", $time, v0x55b284728ca0_0, v0x55b284728a10_0 {0 0 0};
    %load/vec4 v0x55b284728a10_0;
    %addi 1, 0, 32;
    %assign/vec4 v0x55b284728a10_0, 0;
    %load/vec4 v0x55b284728a10_0;
    %cmpi/e 5, 0, 32;
    %jmp/0xz  T_4.0, 4;
    %pushi/vec4 1, 0, 1;
    %assign/vec4 v0x55b284728d90_0, 0;
    %jmp T_4.1;
T_4.0 ;
    %pushi/vec4 0, 0, 1;
    %assign/vec4 v0x55b284728d90_0, 0;
T_4.1 ;
    %jmp T_4;
    .thread T_4;
    .scope S_0x55b284713bc0;
T_5 ;
    %pushi/vec4 0, 0, 32;
    %assign/vec4 v0x55b284728a10_0, 0;
    %pushi/vec4 0, 0, 1;
    %assign/vec4 v0x55b284728d90_0, 0;
    %pushi/vec4 0, 0, 1;
    %assign/vec4 v0x55b284728950_0, 0;
    %pushi/vec4 0, 0, 1;
    %assign/vec4 v0x55b284728bd0_0, 0;
    %pushi/vec4 9, 0, 4;
    %assign/vec4 v0x55b284728ad0_0, 0;
    %delay 500, 0;
    %vpi_call 2 30 "$finish" {0 0 0};
    %end;
    .thread T_5;
# The file index is used to find the file name in the following table.
:file_names 4;
    "N/A";
    "<interactive>";
    "tb_counter.v";
    "counter.v";
