#! /usr/bin/vvp
:ivl_version "10.3 (stable)";
:ivl_delay_selection "TYPICAL";
:vpi_time_precision + 0;
:vpi_module "system";
:vpi_module "vhdl_sys";
:vpi_module "v2005_math";
:vpi_module "va_math";
S_0x55c49c488cc0 .scope module, "Wallace" "Wallace" 2 1;
 .timescale 0 0;
    .port_info 0 /INPUT 4 "a"
    .port_info 1 /INPUT 4 "b"
    .port_info 2 /OUTPUT 8 "res"
    .port_info 3 /OUTPUT 1 "cout"
L_0x55c49c4c5b30 .functor AND 1, L_0x55c49c4c5960, L_0x55c49c4c5a30, C4<1>, C4<1>;
L_0x55c49c4c5e80 .functor AND 1, L_0x55c49c4c5c70, L_0x55c49c4c5d60, C4<1>, C4<1>;
L_0x55c49c4c6160 .functor AND 1, L_0x55c49c4c5fe0, L_0x55c49c4c6080, C4<1>, C4<1>;
L_0x55c49c4c64e0 .functor AND 1, L_0x55c49c4c62c0, L_0x55c49c4c6360, C4<1>, C4<1>;
L_0x55c49c4c6740 .functor AND 1, L_0x55c49c4c65a0, L_0x55c49c4c6640, C4<1>, C4<1>;
L_0x55c49c4c6a00 .functor AND 1, L_0x55c49c4c6850, L_0x55c49c4c68f0, C4<1>, C4<1>;
L_0x55c49c4c6990 .functor AND 1, L_0x55c49c4c6ba0, L_0x55c49c4c6c40, C4<1>, C4<1>;
L_0x55c49c4c7130 .functor AND 1, L_0x55c49c4c6e50, L_0x55c49c4c6ef0, C4<1>, C4<1>;
L_0x55c49c4c74c0 .functor AND 1, L_0x55c49c4c72e0, L_0x55c49c4c7380, C4<1>, C4<1>;
L_0x55c49c4c7810 .functor AND 1, L_0x55c49c4c7620, L_0x55c49c4c76c0, C4<1>, C4<1>;
L_0x55c49c4c7b30 .functor AND 1, L_0x55c49c4c7420, L_0x55c49c4c79d0, C4<1>, C4<1>;
L_0x55c49c4c7e50 .functor AND 1, L_0x55c49c4c7c40, L_0x55c49c4c7ce0, C4<1>, C4<1>;
L_0x55c49c4c8240 .functor AND 1, L_0x55c49c4c8020, L_0x55c49c4c80c0, C4<1>, C4<1>;
L_0x55c49c4c8580 .functor AND 1, L_0x55c49c4c8350, L_0x55c49c4c83f0, C4<1>, C4<1>;
L_0x55c49c4c7fb0 .functor AND 1, L_0x55c49c4c8760, L_0x55c49c4c8800, C4<1>, C4<1>;
L_0x55c49c4c8ef0 .functor AND 1, L_0x55c49c4c8a90, L_0x55c49c4c8b30, C4<1>, C4<1>;
L_0x55c49c4c90e0 .functor BUFZ 1, L_0x55c49c4c5b30, C4<0>, C4<0>, C4<0>;
L_0x55c49c4cace0 .functor BUFZ 1, L_0x55c49c4c91a0, C4<0>, C4<0>, C4<0>;
v0x55c49c4c1740_0 .net *"_s1", 0 0, L_0x55c49c4c5960;  1 drivers
v0x55c49c4c1840_0 .net *"_s103", 0 0, L_0x55c49c4cace0;  1 drivers
L_0x7f550f9b1720 .functor BUFT 1, C4<000>, C4<0>, C4<0>, C4<0>;
v0x55c49c4c1920_0 .net/2u *"_s104", 2 0, L_0x7f550f9b1720;  1 drivers
v0x55c49c4c19e0_0 .net *"_s106", 7 0, L_0x55c49c4f17c0;  1 drivers
L_0x7f550f9b1768 .functor BUFT 1, C4<00>, C4<0>, C4<0>, C4<0>;
v0x55c49c4c1ac0_0 .net/2u *"_s110", 1 0, L_0x7f550f9b1768;  1 drivers
v0x55c49c4c1bf0_0 .net *"_s112", 7 0, L_0x55c49c4f19a0;  1 drivers
v0x55c49c4c1cd0_0 .net *"_s120", 5 0, L_0x55c49c4f2ad0;  1 drivers
v0x55c49c4c1db0_0 .net *"_s13", 0 0, L_0x55c49c4c5fe0;  1 drivers
v0x55c49c4c1e90_0 .net *"_s15", 0 0, L_0x55c49c4c6080;  1 drivers
v0x55c49c4c2000_0 .net *"_s19", 0 0, L_0x55c49c4c62c0;  1 drivers
v0x55c49c4c20e0_0 .net *"_s21", 0 0, L_0x55c49c4c6360;  1 drivers
v0x55c49c4c21c0_0 .net *"_s25", 0 0, L_0x55c49c4c65a0;  1 drivers
v0x55c49c4c22a0_0 .net *"_s27", 0 0, L_0x55c49c4c6640;  1 drivers
v0x55c49c4c2380_0 .net *"_s3", 0 0, L_0x55c49c4c5a30;  1 drivers
v0x55c49c4c2460_0 .net *"_s31", 0 0, L_0x55c49c4c6850;  1 drivers
v0x55c49c4c2540_0 .net *"_s33", 0 0, L_0x55c49c4c68f0;  1 drivers
v0x55c49c4c2620_0 .net *"_s37", 0 0, L_0x55c49c4c6ba0;  1 drivers
v0x55c49c4c2700_0 .net *"_s39", 0 0, L_0x55c49c4c6c40;  1 drivers
v0x55c49c4c27e0_0 .net *"_s43", 0 0, L_0x55c49c4c6e50;  1 drivers
v0x55c49c4c28c0_0 .net *"_s45", 0 0, L_0x55c49c4c6ef0;  1 drivers
v0x55c49c4c29a0_0 .net *"_s49", 0 0, L_0x55c49c4c72e0;  1 drivers
v0x55c49c4c2a80_0 .net *"_s51", 0 0, L_0x55c49c4c7380;  1 drivers
v0x55c49c4c2b60_0 .net *"_s55", 0 0, L_0x55c49c4c7620;  1 drivers
v0x55c49c4c2c40_0 .net *"_s57", 0 0, L_0x55c49c4c76c0;  1 drivers
v0x55c49c4c2d20_0 .net *"_s61", 0 0, L_0x55c49c4c7420;  1 drivers
v0x55c49c4c2e00_0 .net *"_s63", 0 0, L_0x55c49c4c79d0;  1 drivers
v0x55c49c4c2ee0_0 .net *"_s67", 0 0, L_0x55c49c4c7c40;  1 drivers
v0x55c49c4c2fc0_0 .net *"_s69", 0 0, L_0x55c49c4c7ce0;  1 drivers
v0x55c49c4c30a0_0 .net *"_s7", 0 0, L_0x55c49c4c5c70;  1 drivers
v0x55c49c4c3180_0 .net *"_s73", 0 0, L_0x55c49c4c8020;  1 drivers
v0x55c49c4c3260_0 .net *"_s75", 0 0, L_0x55c49c4c80c0;  1 drivers
v0x55c49c4c3340_0 .net *"_s79", 0 0, L_0x55c49c4c8350;  1 drivers
v0x55c49c4c3420_0 .net *"_s81", 0 0, L_0x55c49c4c83f0;  1 drivers
v0x55c49c4c3500_0 .net *"_s85", 0 0, L_0x55c49c4c8760;  1 drivers
v0x55c49c4c35e0_0 .net *"_s87", 0 0, L_0x55c49c4c8800;  1 drivers
v0x55c49c4c36c0_0 .net *"_s9", 0 0, L_0x55c49c4c5d60;  1 drivers
v0x55c49c4c37a0_0 .net *"_s91", 0 0, L_0x55c49c4c8a90;  1 drivers
v0x55c49c4c3880_0 .net *"_s93", 0 0, L_0x55c49c4c8b30;  1 drivers
v0x55c49c4c3960_0 .net *"_s99", 0 0, L_0x55c49c4c90e0;  1 drivers
o0x7f550fa02868 .functor BUFZ 4, C4<zzzz>; HiZ drive
v0x55c49c4c3a40_0 .net "a", 3 0, o0x7f550fa02868;  0 drivers
o0x7f550fa02898 .functor BUFZ 4, C4<zzzz>; HiZ drive
v0x55c49c4c3b20_0 .net "b", 3 0, o0x7f550fa02898;  0 drivers
v0x55c49c4c3c00_0 .net "c", 0 0, L_0x55c49c4f16d0;  1 drivers
v0x55c49c4c3ca0_0 .net "c0_1", 0 0, L_0x55c49c4c9260;  1 drivers
v0x55c49c4c3d70_0 .net "c0_2", 0 0, L_0x55c49c4ca670;  1 drivers
v0x55c49c4c3e40_0 .net "c1_1", 0 0, L_0x55c49c4c96e0;  1 drivers
v0x55c49c4c3ee0_0 .net "c1_2", 0 0, L_0x55c49c4ca870;  1 drivers
v0x55c49c4c3f80_0 .net "c2_1", 0 0, L_0x55c49c4c9c80;  1 drivers
v0x55c49c4c4070_0 .net "c2_2", 0 0, L_0x55c49c4caa70;  1 drivers
v0x55c49c4c4110_0 .net "c3_1", 0 0, L_0x55c49c4ca220;  1 drivers
v0x55c49c4c4200_0 .net "c3_2", 0 0, L_0x55c49c4cabe0;  1 drivers
v0x55c49c4c42a0_0 .net "c4_1", 0 0, L_0x55c49c4ca350;  1 drivers
v0x55c49c4c4390_0 .net "cout", 0 0, L_0x55c49c4f2d00;  1 drivers
v0x55c49c4c4430_0 .net "m00", 0 0, L_0x55c49c4c5b30;  1 drivers
v0x55c49c4c44d0_0 .net "m01", 0 0, L_0x55c49c4c5e80;  1 drivers
v0x55c49c4c4570_0 .net "m02", 0 0, L_0x55c49c4c6160;  1 drivers
v0x55c49c4c4640_0 .net "m03", 0 0, L_0x55c49c4c64e0;  1 drivers
v0x55c49c4c4710_0 .net "m10", 0 0, L_0x55c49c4c6740;  1 drivers
v0x55c49c4c47e0_0 .net "m11", 0 0, L_0x55c49c4c6a00;  1 drivers
v0x55c49c4c48b0_0 .net "m12", 0 0, L_0x55c49c4c6990;  1 drivers
v0x55c49c4c4980_0 .net "m13", 0 0, L_0x55c49c4c7130;  1 drivers
v0x55c49c4c4a50_0 .net "m20", 0 0, L_0x55c49c4c74c0;  1 drivers
v0x55c49c4c4b20_0 .net "m21", 0 0, L_0x55c49c4c7810;  1 drivers
v0x55c49c4c4bf0_0 .net "m22", 0 0, L_0x55c49c4c7b30;  1 drivers
v0x55c49c4c4cc0_0 .net "m23", 0 0, L_0x55c49c4c7e50;  1 drivers
v0x55c49c4c4d90_0 .net "m30", 0 0, L_0x55c49c4c8240;  1 drivers
v0x55c49c4c4e30_0 .net "m31", 0 0, L_0x55c49c4c8580;  1 drivers
v0x55c49c4c4f00_0 .net "m32", 0 0, L_0x55c49c4c7fb0;  1 drivers
v0x55c49c4c4fd0_0 .net "m33", 0 0, L_0x55c49c4c8ef0;  1 drivers
v0x55c49c4c50a0_0 .net "res", 7 0, L_0x55c49c4f2650;  1 drivers
v0x55c49c4c5140_0 .net "s", 7 0, L_0x55c49c4cd370;  1 drivers
v0x55c49c4c5210_0 .net "s0_1", 0 0, L_0x55c49c4c91a0;  1 drivers
v0x55c49c4c52e0_0 .net "s0_2", 0 0, L_0x55c49c4ca4e0;  1 drivers
v0x55c49c4c53b0_0 .net "s1_1", 0 0, L_0x55c49c4c9390;  1 drivers
v0x55c49c4c5480_0 .net "s1_2", 0 0, L_0x55c49c4ca6e0;  1 drivers
v0x55c49c4c5550_0 .net "s2_1", 0 0, L_0x55c49c4c9810;  1 drivers
v0x55c49c4c5640_0 .net "s2_2", 0 0, L_0x55c49c4ca8e0;  1 drivers
v0x55c49c4c56e0_0 .net "s3_1", 0 0, L_0x55c49c4c9db0;  1 drivers
v0x55c49c4c57d0_0 .net "s3_2", 0 0, L_0x55c49c4caae0;  1 drivers
v0x55c49c4c5870_0 .net "s4_1", 0 0, L_0x55c49c4ca2e0;  1 drivers
L_0x55c49c4c5960 .part o0x7f550fa02898, 0, 1;
L_0x55c49c4c5a30 .part o0x7f550fa02868, 0, 1;
L_0x55c49c4c5c70 .part o0x7f550fa02898, 0, 1;
L_0x55c49c4c5d60 .part o0x7f550fa02868, 1, 1;
L_0x55c49c4c5fe0 .part o0x7f550fa02898, 0, 1;
L_0x55c49c4c6080 .part o0x7f550fa02868, 2, 1;
L_0x55c49c4c62c0 .part o0x7f550fa02898, 0, 1;
L_0x55c49c4c6360 .part o0x7f550fa02868, 3, 1;
L_0x55c49c4c65a0 .part o0x7f550fa02898, 1, 1;
L_0x55c49c4c6640 .part o0x7f550fa02868, 0, 1;
L_0x55c49c4c6850 .part o0x7f550fa02898, 1, 1;
L_0x55c49c4c68f0 .part o0x7f550fa02868, 1, 1;
L_0x55c49c4c6ba0 .part o0x7f550fa02898, 1, 1;
L_0x55c49c4c6c40 .part o0x7f550fa02868, 2, 1;
L_0x55c49c4c6e50 .part o0x7f550fa02898, 1, 1;
L_0x55c49c4c6ef0 .part o0x7f550fa02868, 3, 1;
L_0x55c49c4c72e0 .part o0x7f550fa02898, 2, 1;
L_0x55c49c4c7380 .part o0x7f550fa02868, 0, 1;
L_0x55c49c4c7620 .part o0x7f550fa02898, 2, 1;
L_0x55c49c4c76c0 .part o0x7f550fa02868, 1, 1;
L_0x55c49c4c7420 .part o0x7f550fa02898, 2, 1;
L_0x55c49c4c79d0 .part o0x7f550fa02868, 2, 1;
L_0x55c49c4c7c40 .part o0x7f550fa02898, 2, 1;
L_0x55c49c4c7ce0 .part o0x7f550fa02868, 3, 1;
L_0x55c49c4c8020 .part o0x7f550fa02898, 3, 1;
L_0x55c49c4c80c0 .part o0x7f550fa02868, 0, 1;
L_0x55c49c4c8350 .part o0x7f550fa02898, 3, 1;
L_0x55c49c4c83f0 .part o0x7f550fa02868, 1, 1;
L_0x55c49c4c8760 .part o0x7f550fa02898, 3, 1;
L_0x55c49c4c8800 .part o0x7f550fa02868, 2, 1;
L_0x55c49c4c8a90 .part o0x7f550fa02898, 3, 1;
L_0x55c49c4c8b30 .part o0x7f550fa02868, 3, 1;
LS_0x55c49c4f17c0_0_0 .concat [ 1 1 1 1], L_0x55c49c4c9390, L_0x55c49c4ca4e0, L_0x55c49c4ca6e0, L_0x55c49c4ca8e0;
LS_0x55c49c4f17c0_0_4 .concat [ 1 3 0 0], L_0x55c49c4caae0, L_0x7f550f9b1720;
L_0x55c49c4f17c0 .concat [ 4 4 0 0], LS_0x55c49c4f17c0_0_0, LS_0x55c49c4f17c0_0_4;
L_0x55c49c4f18b0 .concat [ 8 0 0 0], L_0x55c49c4f17c0;
LS_0x55c49c4f19a0_0_0 .concat [ 1 1 1 1], L_0x55c49c4c9260, L_0x55c49c4c8240, L_0x55c49c4ca670, L_0x55c49c4ca870;
LS_0x55c49c4f19a0_0_4 .concat [ 1 1 2 0], L_0x55c49c4caa70, L_0x55c49c4cabe0, L_0x7f550f9b1768;
L_0x55c49c4f19a0 .concat [ 4 4 0 0], LS_0x55c49c4f19a0_0_0, LS_0x55c49c4f19a0_0_4;
L_0x55c49c4f2860 .concat [ 8 0 0 0], L_0x55c49c4f19a0;
L_0x55c49c4f2650 .concat8 [ 1 1 6 0], L_0x55c49c4c90e0, L_0x55c49c4cace0, L_0x55c49c4f2ad0;
L_0x55c49c4f2ad0 .part L_0x55c49c4cd370, 0, 6;
L_0x55c49c4f2d00 .part L_0x55c49c4cd370, 6, 1;
S_0x55c49c3fadd0 .scope module, "Bit8Add" "cla" 2 60, 3 19 0, S_0x55c49c488cc0;
 .timescale 0 0;
    .port_info 0 /INPUT 8 "a"
    .port_info 1 /INPUT 8 "b"
    .port_info 2 /OUTPUT 8 "s"
    .port_info 3 /OUTPUT 1 "cout"
L_0x55c49c4cd950 .functor XOR 1, L_0x55c49c4cd730, L_0x55c49c4cd8b0, C4<0>, C4<0>;
L_0x7f550f9b1060 .functor BUFT 1, C4<01>, C4<0>, C4<0>, C4<0>;
L_0x55c49c4cdc40 .functor AND 2, L_0x55c49c4cda60, L_0x7f550f9b1060, C4<11>, C4<11>;
L_0x55c49c4cdf90 .functor AND 1, L_0x55c49c4cdd50, L_0x55c49c4cddf0, C4<1>, C4<1>;
L_0x7f550f9b10a8 .functor BUFT 1, C4<11>, C4<0>, C4<0>, C4<0>;
L_0x55c49c4ce190 .functor AND 2, L_0x55c49c4ce0a0, L_0x7f550f9b10a8, C4<11>, C4<11>;
L_0x55c49c4ce2a0 .functor OR 2, L_0x55c49c4cdc40, L_0x55c49c4ce190, C4<00>, C4<00>;
L_0x55c49c4ce560 .functor NOT 1, L_0x55c49c4ce3b0, C4<0>, C4<0>, C4<0>;
L_0x55c49c4ce6c0 .functor NOT 1, L_0x55c49c4ce620, C4<0>, C4<0>, C4<0>;
L_0x55c49c4ce780 .functor AND 1, L_0x55c49c4ce560, L_0x55c49c4ce6c0, C4<1>, C4<1>;
L_0x7f550f9b10f0 .functor BUFT 1, C4<00>, C4<0>, C4<0>, C4<0>;
L_0x55c49c4ceaf0 .functor AND 2, L_0x55c49c4ce8e0, L_0x7f550f9b10f0, C4<11>, C4<11>;
L_0x55c49c4cec00 .functor OR 2, L_0x55c49c4ce2a0, L_0x55c49c4ceaf0, C4<00>, C4<00>;
L_0x55c49c4ce9d0 .functor XOR 1, L_0x55c49c4ced70, L_0x55c49c4cee10, C4<0>, C4<0>;
L_0x7f550f9b1138 .functor BUFT 1, C4<01>, C4<0>, C4<0>, C4<0>;
L_0x55c49c4cf0d0 .functor AND 2, L_0x55c49c4cefe0, L_0x7f550f9b1138, C4<11>, C4<11>;
L_0x55c49c4cf4d0 .functor AND 1, L_0x55c49c4cf250, L_0x55c49c4cf430, C4<1>, C4<1>;
L_0x7f550f9b1180 .functor BUFT 1, C4<11>, C4<0>, C4<0>, C4<0>;
L_0x55c49c4cf820 .functor AND 2, L_0x55c49c4cf5e0, L_0x7f550f9b1180, C4<11>, C4<11>;
L_0x55c49c4cf1e0 .functor OR 2, L_0x55c49c4cf0d0, L_0x55c49c4cf820, C4<00>, C4<00>;
L_0x55c49c4cfaf0 .functor NOT 1, L_0x55c49c4cfa50, C4<0>, C4<0>, C4<0>;
L_0x55c49c4cfe40 .functor NOT 1, L_0x55c49c4cfc40, C4<0>, C4<0>, C4<0>;
L_0x55c49c4cff00 .functor AND 1, L_0x55c49c4cfaf0, L_0x55c49c4cfe40, C4<1>, C4<1>;
L_0x7f550f9b11c8 .functor BUFT 1, C4<00>, C4<0>, C4<0>, C4<0>;
L_0x55c49c4d01a0 .functor AND 2, L_0x55c49c4d00b0, L_0x7f550f9b11c8, C4<11>, C4<11>;
L_0x55c49c4d02b0 .functor OR 2, L_0x55c49c4cf1e0, L_0x55c49c4d01a0, C4<00>, C4<00>;
L_0x55c49c4d0680 .functor XOR 1, L_0x55c49c4d0010, L_0x55c49c4d05e0, C4<0>, C4<0>;
L_0x7f550f9b1210 .functor BUFT 1, C4<01>, C4<0>, C4<0>, C4<0>;
L_0x55c49c4d0a00 .functor AND 2, L_0x55c49c4d0790, L_0x7f550f9b1210, C4<11>, C4<11>;
L_0x55c49c4d12c0 .functor AND 1, L_0x55c49c4d0bd0, L_0x55c49c4d0e80, C4<1>, C4<1>;
L_0x7f550f9b1258 .functor BUFT 1, C4<11>, C4<0>, C4<0>, C4<0>;
L_0x55c49c4d14c0 .functor AND 2, L_0x55c49c4d13d0, L_0x7f550f9b1258, C4<11>, C4<11>;
L_0x55c49c4d1650 .functor OR 2, L_0x55c49c4d0a00, L_0x55c49c4d14c0, C4<00>, C4<00>;
L_0x55c49c4d19a0 .functor NOT 1, L_0x55c49c4d1760, C4<0>, C4<0>, C4<0>;
L_0x55c49c4d1be0 .functor NOT 1, L_0x55c49c4d1b40, C4<0>, C4<0>, C4<0>;
L_0x55c49c4d1ca0 .functor AND 1, L_0x55c49c4d19a0, L_0x55c49c4d1be0, C4<1>, C4<1>;
L_0x7f550f9b12a0 .functor BUFT 1, C4<00>, C4<0>, C4<0>, C4<0>;
L_0x55c49c4d2140 .functor AND 2, L_0x55c49c4d1ea0, L_0x7f550f9b12a0, C4<11>, C4<11>;
L_0x55c49c4d2250 .functor OR 2, L_0x55c49c4d1650, L_0x55c49c4d2140, C4<00>, C4<00>;
L_0x55c49c4d2760 .functor XOR 1, L_0x55c49c4d2460, L_0x55c49c4d2500, C4<0>, C4<0>;
L_0x7f550f9b12e8 .functor BUFT 1, C4<01>, C4<0>, C4<0>, C4<0>;
L_0x55c49c4d2960 .functor AND 2, L_0x55c49c4d2870, L_0x7f550f9b12e8, C4<11>, C4<11>;
L_0x55c49c4d2e90 .functor AND 1, L_0x55c49c4d2b80, L_0x55c49c4d2df0, C4<1>, C4<1>;
L_0x7f550f9b1330 .functor BUFT 1, C4<11>, C4<0>, C4<0>, C4<0>;
L_0x55c49c4d3270 .functor AND 2, L_0x55c49c4d2fa0, L_0x7f550f9b1330, C4<11>, C4<11>;
L_0x55c49c4d34a0 .functor OR 2, L_0x55c49c4d2960, L_0x55c49c4d3270, C4<00>, C4<00>;
L_0x55c49c4d3650 .functor NOT 1, L_0x55c49c4d35b0, C4<0>, C4<0>, C4<0>;
L_0x55c49c4d3420 .functor NOT 1, L_0x55c49c4d3380, C4<0>, C4<0>, C4<0>;
L_0x55c49c4d3a80 .functor AND 1, L_0x55c49c4d3650, L_0x55c49c4d3420, C4<1>, C4<1>;
L_0x7f550f9b1378 .functor BUFT 1, C4<00>, C4<0>, C4<0>, C4<0>;
L_0x55c49c4d3dc0 .functor AND 2, L_0x55c49c4d3cd0, L_0x7f550f9b1378, C4<11>, C4<11>;
L_0x55c49c4d3ed0 .functor OR 2, L_0x55c49c4d34a0, L_0x55c49c4d3dc0, C4<00>, C4<00>;
L_0x55c49c4d4470 .functor XOR 1, L_0x55c49c4d4130, L_0x55c49c4d43d0, C4<0>, C4<0>;
L_0x7f550f9b13c0 .functor BUFT 1, C4<01>, C4<0>, C4<0>, C4<0>;
L_0x55c49c4d4880 .functor AND 2, L_0x55c49c4d4580, L_0x7f550f9b13c0, C4<11>, C4<11>;
L_0x55c49c4d4e50 .functor AND 1, L_0x55c49c4d4af0, L_0x55c49c4d4b90, C4<1>, C4<1>;
L_0x7f550f9b1408 .functor BUFT 1, C4<11>, C4<0>, C4<0>, C4<0>;
L_0x55c49c4d5050 .functor AND 2, L_0x55c49c4d4f60, L_0x7f550f9b1408, C4<11>, C4<11>;
L_0x55c49c4d52d0 .functor OR 2, L_0x55c49c4d4880, L_0x55c49c4d5050, C4<00>, C4<00>;
L_0x55c49c4d56b0 .functor NOT 1, L_0x55c49c4d53e0, C4<0>, C4<0>, C4<0>;
L_0x55c49c4d5990 .functor NOT 1, L_0x55c49c4d58f0, C4<0>, C4<0>, C4<0>;
L_0x55c49c4d5a50 .functor AND 1, L_0x55c49c4d56b0, L_0x55c49c4d5990, C4<1>, C4<1>;
L_0x7f550f9b1450 .functor BUFT 1, C4<00>, C4<0>, C4<0>, C4<0>;
L_0x55c49c4d6020 .functor AND 2, L_0x55c49c4d5cf0, L_0x7f550f9b1450, C4<11>, C4<11>;
L_0x55c49c4d6130 .functor OR 2, L_0x55c49c4d52d0, L_0x55c49c4d6020, C4<00>, C4<00>;
L_0x55c49c4d6770 .functor XOR 1, L_0x55c49c4d63e0, L_0x55c49c4d6480, C4<0>, C4<0>;
L_0x7f550f9b1498 .functor BUFT 1, C4<01>, C4<0>, C4<0>, C4<0>;
L_0x55c49c4d6970 .functor AND 2, L_0x55c49c4d6880, L_0x7f550f9b1498, C4<11>, C4<11>;
L_0x55c49c4d6fd0 .functor AND 1, L_0x55c49c4d6c30, L_0x55c49c4d6f30, C4<1>, C4<1>;
L_0x7f550f9b14e0 .functor BUFT 1, C4<11>, C4<0>, C4<0>, C4<0>;
L_0x55c49c4d7440 .functor AND 2, L_0x55c49c4d70e0, L_0x7f550f9b14e0, C4<11>, C4<11>;
L_0x55c49c4d7710 .functor OR 2, L_0x55c49c4d6970, L_0x55c49c4d7440, C4<00>, C4<00>;
L_0x55c49c4d78c0 .functor NOT 1, L_0x55c49c4d7820, C4<0>, C4<0>, C4<0>;
L_0x55c49c4d7e70 .functor NOT 1, L_0x55c49c4d7b50, C4<0>, C4<0>, C4<0>;
L_0x55c49c4d7f30 .functor AND 1, L_0x55c49c4d78c0, L_0x55c49c4d7e70, C4<1>, C4<1>;
L_0x7f550f9b1528 .functor BUFT 1, C4<00>, C4<0>, C4<0>, C4<0>;
L_0x55c49c4d8310 .functor AND 2, L_0x55c49c4d8220, L_0x7f550f9b1528, C4<11>, C4<11>;
L_0x55c49c4d8420 .functor OR 2, L_0x55c49c4d7710, L_0x55c49c4d8310, C4<00>, C4<00>;
L_0x55c49c4d8af0 .functor XOR 1, L_0x55c49c4d8720, L_0x55c49c4d8a50, C4<0>, C4<0>;
L_0x7f550f9b1570 .functor BUFT 1, C4<01>, C4<0>, C4<0>, C4<0>;
L_0x55c49c4d8f90 .functor AND 2, L_0x55c49c4d8c00, L_0x7f550f9b1570, C4<11>, C4<11>;
L_0x55c49c4d9690 .functor AND 1, L_0x55c49c4d92a0, L_0x55c49c4d9340, C4<1>, C4<1>;
L_0x7f550f9b15b8 .functor BUFT 1, C4<11>, C4<0>, C4<0>, C4<0>;
L_0x55c49c4d9890 .functor AND 2, L_0x55c49c4d97a0, L_0x7f550f9b15b8, C4<11>, C4<11>;
L_0x55c49c4d9bb0 .functor OR 2, L_0x55c49c4d8f90, L_0x55c49c4d9890, C4<00>, C4<00>;
L_0x55c49c4da020 .functor NOT 1, L_0x55c49c4d9cc0, C4<0>, C4<0>, C4<0>;
L_0x55c49c4da3a0 .functor NOT 1, L_0x55c49c4da300, C4<0>, C4<0>, C4<0>;
L_0x55c49c4da460 .functor AND 1, L_0x55c49c4da020, L_0x55c49c4da3a0, C4<1>, C4<1>;
L_0x7f550f9b1600 .functor BUFT 1, C4<00>, C4<0>, C4<0>, C4<0>;
L_0x55c49c4dab60 .functor AND 2, L_0x55c49c4da7a0, L_0x7f550f9b1600, C4<11>, C4<11>;
L_0x55c49c4dac70 .functor OR 2, L_0x55c49c4d9bb0, L_0x55c49c4dab60, C4<00>, C4<00>;
L_0x55c49c4db700 .functor XOR 1, L_0x55c49c4db2e0, L_0x55c49c4db660, C4<0>, C4<0>;
L_0x7f550f9b1648 .functor BUFT 1, C4<01>, C4<0>, C4<0>, C4<0>;
L_0x55c49c4dbbf0 .functor AND 2, L_0x55c49c4db810, L_0x7f550f9b1648, C4<11>, C4<11>;
L_0x55c49c4dc390 .functor AND 1, L_0x55c49c4dbf50, L_0x55c49c4dbff0, C4<1>, C4<1>;
L_0x7f550f9b1690 .functor BUFT 1, C4<11>, C4<0>, C4<0>, C4<0>;
L_0x55c49c4dc590 .functor AND 2, L_0x55c49c4dc4a0, L_0x7f550f9b1690, C4<11>, C4<11>;
L_0x55c49c4dc900 .functor OR 2, L_0x55c49c4dbbf0, L_0x55c49c4dc590, C4<00>, C4<00>;
L_0x55c49c4dd1d0 .functor NOT 1, L_0x55c49c4dca10, C4<0>, C4<0>, C4<0>;
L_0x55c49c4dd9b0 .functor NOT 1, L_0x55c49c4dd500, C4<0>, C4<0>, C4<0>;
L_0x55c49c4dda70 .functor AND 1, L_0x55c49c4dd1d0, L_0x55c49c4dd9b0, C4<1>, C4<1>;
L_0x7f550f9b16d8 .functor BUFT 1, C4<00>, C4<0>, C4<0>, C4<0>;
L_0x55c49c4de210 .functor AND 2, L_0x55c49c4dde00, L_0x7f550f9b16d8, C4<11>, C4<11>;
L_0x55c49c4de320 .functor OR 2, L_0x55c49c4dc900, L_0x55c49c4de210, C4<00>, C4<00>;
v0x55c49c4b19a0_0 .net/2u *"_s101", 1 0, L_0x7f550f9b1138;  1 drivers
v0x55c49c4b1a80_0 .net *"_s103", 1 0, L_0x55c49c4cf0d0;  1 drivers
v0x55c49c4b1b60_0 .net *"_s106", 0 0, L_0x55c49c4cf250;  1 drivers
v0x55c49c4b1c20_0 .net *"_s108", 0 0, L_0x55c49c4cf430;  1 drivers
v0x55c49c4b1d00_0 .net *"_s109", 0 0, L_0x55c49c4cf4d0;  1 drivers
v0x55c49c4b1de0_0 .net *"_s111", 1 0, L_0x55c49c4cf5e0;  1 drivers
v0x55c49c4b1ec0_0 .net/2u *"_s113", 1 0, L_0x7f550f9b1180;  1 drivers
v0x55c49c4b1fa0_0 .net *"_s115", 1 0, L_0x55c49c4cf820;  1 drivers
v0x55c49c4b2080_0 .net *"_s117", 1 0, L_0x55c49c4cf1e0;  1 drivers
v0x55c49c4b21f0_0 .net *"_s120", 0 0, L_0x55c49c4cfa50;  1 drivers
v0x55c49c4b22d0_0 .net *"_s121", 0 0, L_0x55c49c4cfaf0;  1 drivers
v0x55c49c4b23b0_0 .net *"_s124", 0 0, L_0x55c49c4cfc40;  1 drivers
v0x55c49c4b2490_0 .net *"_s125", 0 0, L_0x55c49c4cfe40;  1 drivers
v0x55c49c4b2570_0 .net *"_s127", 0 0, L_0x55c49c4cff00;  1 drivers
v0x55c49c4b2650_0 .net *"_s129", 1 0, L_0x55c49c4d00b0;  1 drivers
v0x55c49c4b2730_0 .net/2u *"_s131", 1 0, L_0x7f550f9b11c8;  1 drivers
v0x55c49c4b2810_0 .net *"_s133", 1 0, L_0x55c49c4d01a0;  1 drivers
v0x55c49c4b2a00_0 .net *"_s135", 1 0, L_0x55c49c4d02b0;  1 drivers
v0x55c49c4b2ae0_0 .net *"_s140", 0 0, L_0x55c49c4d0010;  1 drivers
v0x55c49c4b2bc0_0 .net *"_s142", 0 0, L_0x55c49c4d05e0;  1 drivers
v0x55c49c4b2ca0_0 .net *"_s143", 0 0, L_0x55c49c4d0680;  1 drivers
v0x55c49c4b2d80_0 .net *"_s145", 1 0, L_0x55c49c4d0790;  1 drivers
v0x55c49c4b2e60_0 .net/2u *"_s147", 1 0, L_0x7f550f9b1210;  1 drivers
v0x55c49c4b2f40_0 .net *"_s149", 1 0, L_0x55c49c4d0a00;  1 drivers
v0x55c49c4b3020_0 .net *"_s152", 0 0, L_0x55c49c4d0bd0;  1 drivers
v0x55c49c4b3100_0 .net *"_s154", 0 0, L_0x55c49c4d0e80;  1 drivers
v0x55c49c4b31e0_0 .net *"_s155", 0 0, L_0x55c49c4d12c0;  1 drivers
v0x55c49c4b32c0_0 .net *"_s157", 1 0, L_0x55c49c4d13d0;  1 drivers
v0x55c49c4b33a0_0 .net/2u *"_s159", 1 0, L_0x7f550f9b1258;  1 drivers
v0x55c49c4b3480_0 .net *"_s161", 1 0, L_0x55c49c4d14c0;  1 drivers
v0x55c49c4b3560_0 .net *"_s163", 1 0, L_0x55c49c4d1650;  1 drivers
v0x55c49c4b3640_0 .net *"_s166", 0 0, L_0x55c49c4d1760;  1 drivers
v0x55c49c4b3720_0 .net *"_s167", 0 0, L_0x55c49c4d19a0;  1 drivers
v0x55c49c4b3a10_0 .net *"_s170", 0 0, L_0x55c49c4d1b40;  1 drivers
v0x55c49c4b3af0_0 .net *"_s171", 0 0, L_0x55c49c4d1be0;  1 drivers
v0x55c49c4b3bd0_0 .net *"_s173", 0 0, L_0x55c49c4d1ca0;  1 drivers
v0x55c49c4b3cb0_0 .net *"_s175", 1 0, L_0x55c49c4d1ea0;  1 drivers
v0x55c49c4b3d90_0 .net/2u *"_s177", 1 0, L_0x7f550f9b12a0;  1 drivers
v0x55c49c4b3e70_0 .net *"_s179", 1 0, L_0x55c49c4d2140;  1 drivers
v0x55c49c4b3f50_0 .net *"_s181", 1 0, L_0x55c49c4d2250;  1 drivers
v0x55c49c4b4030_0 .net *"_s186", 0 0, L_0x55c49c4d2460;  1 drivers
v0x55c49c4b4110_0 .net *"_s188", 0 0, L_0x55c49c4d2500;  1 drivers
v0x55c49c4b41f0_0 .net *"_s189", 0 0, L_0x55c49c4d2760;  1 drivers
v0x55c49c4b42d0_0 .net *"_s191", 1 0, L_0x55c49c4d2870;  1 drivers
v0x55c49c4b43b0_0 .net/2u *"_s193", 1 0, L_0x7f550f9b12e8;  1 drivers
v0x55c49c4b4490_0 .net *"_s195", 1 0, L_0x55c49c4d2960;  1 drivers
v0x55c49c4b4570_0 .net *"_s198", 0 0, L_0x55c49c4d2b80;  1 drivers
v0x55c49c4b4650_0 .net *"_s200", 0 0, L_0x55c49c4d2df0;  1 drivers
v0x55c49c4b4730_0 .net *"_s201", 0 0, L_0x55c49c4d2e90;  1 drivers
v0x55c49c4b4810_0 .net *"_s203", 1 0, L_0x55c49c4d2fa0;  1 drivers
v0x55c49c4b48f0_0 .net/2u *"_s205", 1 0, L_0x7f550f9b1330;  1 drivers
v0x55c49c4b49d0_0 .net *"_s207", 1 0, L_0x55c49c4d3270;  1 drivers
v0x55c49c4b4ab0_0 .net *"_s209", 1 0, L_0x55c49c4d34a0;  1 drivers
v0x55c49c4b4b90_0 .net *"_s212", 0 0, L_0x55c49c4d35b0;  1 drivers
v0x55c49c4b4c70_0 .net *"_s213", 0 0, L_0x55c49c4d3650;  1 drivers
v0x55c49c4b4d50_0 .net *"_s216", 0 0, L_0x55c49c4d3380;  1 drivers
v0x55c49c4b4e30_0 .net *"_s217", 0 0, L_0x55c49c4d3420;  1 drivers
v0x55c49c4b4f10_0 .net *"_s219", 0 0, L_0x55c49c4d3a80;  1 drivers
v0x55c49c4b4ff0_0 .net *"_s221", 1 0, L_0x55c49c4d3cd0;  1 drivers
v0x55c49c4b50d0_0 .net/2u *"_s223", 1 0, L_0x7f550f9b1378;  1 drivers
v0x55c49c4b51b0_0 .net *"_s225", 1 0, L_0x55c49c4d3dc0;  1 drivers
v0x55c49c4b5290_0 .net *"_s227", 1 0, L_0x55c49c4d3ed0;  1 drivers
v0x55c49c4b5370_0 .net *"_s232", 0 0, L_0x55c49c4d4130;  1 drivers
v0x55c49c4b5450_0 .net *"_s234", 0 0, L_0x55c49c4d43d0;  1 drivers
v0x55c49c4b5530_0 .net *"_s235", 0 0, L_0x55c49c4d4470;  1 drivers
v0x55c49c4b5a20_0 .net *"_s237", 1 0, L_0x55c49c4d4580;  1 drivers
v0x55c49c4b5b00_0 .net/2u *"_s239", 1 0, L_0x7f550f9b13c0;  1 drivers
v0x55c49c4b5be0_0 .net *"_s241", 1 0, L_0x55c49c4d4880;  1 drivers
v0x55c49c4b5cc0_0 .net *"_s244", 0 0, L_0x55c49c4d4af0;  1 drivers
v0x55c49c4b5da0_0 .net *"_s246", 0 0, L_0x55c49c4d4b90;  1 drivers
v0x55c49c4b5e80_0 .net *"_s247", 0 0, L_0x55c49c4d4e50;  1 drivers
v0x55c49c4b5f60_0 .net *"_s249", 1 0, L_0x55c49c4d4f60;  1 drivers
v0x55c49c4b6040_0 .net/2u *"_s251", 1 0, L_0x7f550f9b1408;  1 drivers
v0x55c49c4b6120_0 .net *"_s253", 1 0, L_0x55c49c4d5050;  1 drivers
v0x55c49c4b6200_0 .net *"_s255", 1 0, L_0x55c49c4d52d0;  1 drivers
v0x55c49c4b62e0_0 .net *"_s258", 0 0, L_0x55c49c4d53e0;  1 drivers
v0x55c49c4b63c0_0 .net *"_s259", 0 0, L_0x55c49c4d56b0;  1 drivers
v0x55c49c4b64a0_0 .net *"_s262", 0 0, L_0x55c49c4d58f0;  1 drivers
v0x55c49c4b6580_0 .net *"_s263", 0 0, L_0x55c49c4d5990;  1 drivers
v0x55c49c4b6660_0 .net *"_s265", 0 0, L_0x55c49c4d5a50;  1 drivers
v0x55c49c4b6740_0 .net *"_s267", 1 0, L_0x55c49c4d5cf0;  1 drivers
v0x55c49c4b6820_0 .net/2u *"_s269", 1 0, L_0x7f550f9b1450;  1 drivers
v0x55c49c4b6900_0 .net *"_s271", 1 0, L_0x55c49c4d6020;  1 drivers
v0x55c49c4b69e0_0 .net *"_s273", 1 0, L_0x55c49c4d6130;  1 drivers
v0x55c49c4b6ac0_0 .net *"_s278", 0 0, L_0x55c49c4d63e0;  1 drivers
v0x55c49c4b6ba0_0 .net *"_s280", 0 0, L_0x55c49c4d6480;  1 drivers
v0x55c49c4b6c80_0 .net *"_s281", 0 0, L_0x55c49c4d6770;  1 drivers
v0x55c49c4b6d60_0 .net *"_s283", 1 0, L_0x55c49c4d6880;  1 drivers
v0x55c49c4b6e40_0 .net/2u *"_s285", 1 0, L_0x7f550f9b1498;  1 drivers
v0x55c49c4b6f20_0 .net *"_s287", 1 0, L_0x55c49c4d6970;  1 drivers
v0x55c49c4b7000_0 .net *"_s290", 0 0, L_0x55c49c4d6c30;  1 drivers
v0x55c49c4b70e0_0 .net *"_s292", 0 0, L_0x55c49c4d6f30;  1 drivers
v0x55c49c4b71c0_0 .net *"_s293", 0 0, L_0x55c49c4d6fd0;  1 drivers
v0x55c49c4b72a0_0 .net *"_s295", 1 0, L_0x55c49c4d70e0;  1 drivers
v0x55c49c4b7380_0 .net/2u *"_s297", 1 0, L_0x7f550f9b14e0;  1 drivers
v0x55c49c4b7460_0 .net *"_s299", 1 0, L_0x55c49c4d7440;  1 drivers
v0x55c49c4b7540_0 .net *"_s301", 1 0, L_0x55c49c4d7710;  1 drivers
v0x55c49c4b7620_0 .net *"_s304", 0 0, L_0x55c49c4d7820;  1 drivers
v0x55c49c4b7700_0 .net *"_s305", 0 0, L_0x55c49c4d78c0;  1 drivers
v0x55c49c4b77e0_0 .net *"_s308", 0 0, L_0x55c49c4d7b50;  1 drivers
v0x55c49c4b78c0_0 .net *"_s309", 0 0, L_0x55c49c4d7e70;  1 drivers
v0x55c49c4b79a0_0 .net *"_s311", 0 0, L_0x55c49c4d7f30;  1 drivers
v0x55c49c4b7a80_0 .net *"_s313", 1 0, L_0x55c49c4d8220;  1 drivers
v0x55c49c4b7b60_0 .net/2u *"_s315", 1 0, L_0x7f550f9b1528;  1 drivers
v0x55c49c4b7c40_0 .net *"_s317", 1 0, L_0x55c49c4d8310;  1 drivers
v0x55c49c4b7d20_0 .net *"_s319", 1 0, L_0x55c49c4d8420;  1 drivers
v0x55c49c4b7e00_0 .net *"_s324", 0 0, L_0x55c49c4d8720;  1 drivers
v0x55c49c4b7ee0_0 .net *"_s326", 0 0, L_0x55c49c4d8a50;  1 drivers
v0x55c49c4b7fc0_0 .net *"_s327", 0 0, L_0x55c49c4d8af0;  1 drivers
v0x55c49c4b80a0_0 .net *"_s329", 1 0, L_0x55c49c4d8c00;  1 drivers
v0x55c49c4b8180_0 .net/2u *"_s331", 1 0, L_0x7f550f9b1570;  1 drivers
v0x55c49c4b8260_0 .net *"_s333", 1 0, L_0x55c49c4d8f90;  1 drivers
v0x55c49c4b8340_0 .net *"_s336", 0 0, L_0x55c49c4d92a0;  1 drivers
v0x55c49c4b8420_0 .net *"_s338", 0 0, L_0x55c49c4d9340;  1 drivers
v0x55c49c4b8500_0 .net *"_s339", 0 0, L_0x55c49c4d9690;  1 drivers
v0x55c49c4b85e0_0 .net *"_s341", 1 0, L_0x55c49c4d97a0;  1 drivers
v0x55c49c4b86c0_0 .net/2u *"_s343", 1 0, L_0x7f550f9b15b8;  1 drivers
v0x55c49c4b87a0_0 .net *"_s345", 1 0, L_0x55c49c4d9890;  1 drivers
v0x55c49c4b8880_0 .net *"_s347", 1 0, L_0x55c49c4d9bb0;  1 drivers
v0x55c49c4b8960_0 .net *"_s350", 0 0, L_0x55c49c4d9cc0;  1 drivers
v0x55c49c4b8a40_0 .net *"_s351", 0 0, L_0x55c49c4da020;  1 drivers
v0x55c49c4b8b20_0 .net *"_s354", 0 0, L_0x55c49c4da300;  1 drivers
v0x55c49c4b8c00_0 .net *"_s355", 0 0, L_0x55c49c4da3a0;  1 drivers
v0x55c49c4b8ce0_0 .net *"_s357", 0 0, L_0x55c49c4da460;  1 drivers
v0x55c49c4b8dc0_0 .net *"_s359", 1 0, L_0x55c49c4da7a0;  1 drivers
v0x55c49c4b8ea0_0 .net/2u *"_s361", 1 0, L_0x7f550f9b1600;  1 drivers
v0x55c49c4b8f80_0 .net *"_s363", 1 0, L_0x55c49c4dab60;  1 drivers
v0x55c49c4b9060_0 .net *"_s365", 1 0, L_0x55c49c4dac70;  1 drivers
v0x55c49c4b9140_0 .net *"_s371", 0 0, L_0x55c49c4db2e0;  1 drivers
v0x55c49c4b9a30_0 .net *"_s373", 0 0, L_0x55c49c4db660;  1 drivers
v0x55c49c4b9b10_0 .net *"_s374", 0 0, L_0x55c49c4db700;  1 drivers
v0x55c49c4b9bf0_0 .net *"_s376", 1 0, L_0x55c49c4db810;  1 drivers
v0x55c49c4b9cd0_0 .net/2u *"_s378", 1 0, L_0x7f550f9b1648;  1 drivers
v0x55c49c4b9db0_0 .net *"_s380", 1 0, L_0x55c49c4dbbf0;  1 drivers
v0x55c49c4b9e90_0 .net *"_s383", 0 0, L_0x55c49c4dbf50;  1 drivers
v0x55c49c4b9f70_0 .net *"_s385", 0 0, L_0x55c49c4dbff0;  1 drivers
v0x55c49c4ba050_0 .net *"_s386", 0 0, L_0x55c49c4dc390;  1 drivers
v0x55c49c4ba130_0 .net *"_s388", 1 0, L_0x55c49c4dc4a0;  1 drivers
v0x55c49c4ba210_0 .net/2u *"_s390", 1 0, L_0x7f550f9b1690;  1 drivers
v0x55c49c4ba2f0_0 .net *"_s392", 1 0, L_0x55c49c4dc590;  1 drivers
v0x55c49c4ba3d0_0 .net *"_s394", 1 0, L_0x55c49c4dc900;  1 drivers
v0x55c49c4ba4b0_0 .net *"_s397", 0 0, L_0x55c49c4dca10;  1 drivers
v0x55c49c4ba590_0 .net *"_s398", 0 0, L_0x55c49c4dd1d0;  1 drivers
v0x55c49c4ba670_0 .net *"_s401", 0 0, L_0x55c49c4dd500;  1 drivers
v0x55c49c4ba750_0 .net *"_s402", 0 0, L_0x55c49c4dd9b0;  1 drivers
v0x55c49c4ba830_0 .net *"_s404", 0 0, L_0x55c49c4dda70;  1 drivers
v0x55c49c4ba910_0 .net *"_s406", 1 0, L_0x55c49c4dde00;  1 drivers
v0x55c49c4ba9f0_0 .net/2u *"_s408", 1 0, L_0x7f550f9b16d8;  1 drivers
v0x55c49c4baad0_0 .net *"_s410", 1 0, L_0x55c49c4de210;  1 drivers
v0x55c49c4babb0_0 .net *"_s412", 1 0, L_0x55c49c4de320;  1 drivers
v0x55c49c4bac90_0 .net *"_s417", 1 0, L_0x55c49c4de710;  1 drivers
L_0x7f550f9b1018 .functor BUFT 1, C4<00>, C4<0>, C4<0>, C4<0>;
v0x55c49c4bad70_0 .net/2u *"_s43", 1 0, L_0x7f550f9b1018;  1 drivers
v0x55c49c4bae50_0 .net *"_s470", 3 0, L_0x55c49c4e6400;  1 drivers
v0x55c49c4baf30_0 .net *"_s48", 0 0, L_0x55c49c4cd730;  1 drivers
v0x55c49c4bb010_0 .net *"_s50", 0 0, L_0x55c49c4cd8b0;  1 drivers
v0x55c49c4bb0f0_0 .net *"_s51", 0 0, L_0x55c49c4cd950;  1 drivers
v0x55c49c4bb1d0_0 .net *"_s517", 7 0, L_0x55c49c4ecd00;  1 drivers
v0x55c49c4bb2b0_0 .net *"_s53", 1 0, L_0x55c49c4cda60;  1 drivers
v0x55c49c4bb390_0 .net/2u *"_s55", 1 0, L_0x7f550f9b1060;  1 drivers
v0x55c49c4bb470_0 .net *"_s552", 15 0, L_0x55c49c4f0850;  1 drivers
v0x55c49c4bb550_0 .net *"_s57", 1 0, L_0x55c49c4cdc40;  1 drivers
v0x55c49c4bb630_0 .net *"_s60", 0 0, L_0x55c49c4cdd50;  1 drivers
v0x55c49c4bb710_0 .net *"_s62", 0 0, L_0x55c49c4cddf0;  1 drivers
v0x55c49c4bb7f0_0 .net *"_s63", 0 0, L_0x55c49c4cdf90;  1 drivers
v0x55c49c4bb8d0_0 .net *"_s65", 1 0, L_0x55c49c4ce0a0;  1 drivers
v0x55c49c4bb9b0_0 .net/2u *"_s67", 1 0, L_0x7f550f9b10a8;  1 drivers
v0x55c49c4bba90_0 .net *"_s69", 1 0, L_0x55c49c4ce190;  1 drivers
v0x55c49c4bbb70_0 .net *"_s71", 1 0, L_0x55c49c4ce2a0;  1 drivers
v0x55c49c4bbc50_0 .net *"_s74", 0 0, L_0x55c49c4ce3b0;  1 drivers
v0x55c49c4bbd30_0 .net *"_s75", 0 0, L_0x55c49c4ce560;  1 drivers
v0x55c49c4bbe10_0 .net *"_s78", 0 0, L_0x55c49c4ce620;  1 drivers
v0x55c49c4bbef0_0 .net *"_s79", 0 0, L_0x55c49c4ce6c0;  1 drivers
v0x55c49c4bbfd0_0 .net *"_s81", 0 0, L_0x55c49c4ce780;  1 drivers
v0x55c49c4bc0b0_0 .net *"_s83", 1 0, L_0x55c49c4ce8e0;  1 drivers
v0x55c49c4bc190_0 .net/2u *"_s85", 1 0, L_0x7f550f9b10f0;  1 drivers
v0x55c49c4bc270_0 .net *"_s87", 1 0, L_0x55c49c4ceaf0;  1 drivers
v0x55c49c4bc350_0 .net *"_s89", 1 0, L_0x55c49c4cec00;  1 drivers
v0x55c49c4bc430_0 .net *"_s94", 0 0, L_0x55c49c4ced70;  1 drivers
v0x55c49c4bc510_0 .net *"_s96", 0 0, L_0x55c49c4cee10;  1 drivers
v0x55c49c4bc5f0_0 .net *"_s97", 0 0, L_0x55c49c4ce9d0;  1 drivers
v0x55c49c4bc6d0_0 .net *"_s99", 1 0, L_0x55c49c4cefe0;  1 drivers
v0x55c49c4bc7b0_0 .net "a", 7 0, L_0x55c49c4f18b0;  1 drivers
v0x55c49c4bc890_0 .net "b", 7 0, L_0x55c49c4f2860;  1 drivers
v0x55c49c4bc970_0 .net "cout", 0 0, L_0x55c49c4f16d0;  alias, 1 drivers
v0x55c49c4bca30_0 .net "s", 7 0, L_0x55c49c4cd370;  alias, 1 drivers
v0x55c49c4bcb10_0 .net "s1", 17 0, L_0x55c49c4dafc0;  1 drivers
v0x55c49c4bcbf0_0 .net "s2", 17 0, L_0x55c49c4e5ce0;  1 drivers
v0x55c49c4bccd0_0 .net "s3", 17 0, L_0x55c49c4ed1c0;  1 drivers
RS_0x7f550fa00fd8 .resolv tri, L_0x55c49c4f0530, L_0x55c49c4f15e0;
v0x55c49c4bcdb0_0 .net8 "s4", 17 0, RS_0x7f550fa00fd8;  2 drivers
v0x55c49c4bce90_0 .net "s5", 17 0, L_0x55c49c4f07b0;  1 drivers
L_0x55c49c4caed0 .part L_0x55c49c4f18b0, 0, 1;
L_0x55c49c4caf70 .part L_0x55c49c4f2860, 0, 1;
L_0x55c49c4cb060 .part L_0x55c49c4f07b0, 0, 1;
L_0x55c49c4cb280 .part L_0x55c49c4f18b0, 1, 1;
L_0x55c49c4cb3c0 .part L_0x55c49c4f2860, 1, 1;
L_0x55c49c4cb500 .part L_0x55c49c4f07b0, 2, 1;
L_0x55c49c4cb7b0 .part L_0x55c49c4f18b0, 2, 1;
L_0x55c49c4cb8a0 .part L_0x55c49c4f2860, 2, 1;
L_0x55c49c4cb9e0 .part L_0x55c49c4f07b0, 4, 1;
L_0x55c49c4cbc00 .part L_0x55c49c4f18b0, 3, 1;
L_0x55c49c4cbd50 .part L_0x55c49c4f2860, 3, 1;
L_0x55c49c4cbe80 .part L_0x55c49c4f07b0, 6, 1;
L_0x55c49c4cc100 .part L_0x55c49c4f18b0, 4, 1;
L_0x55c49c4cc1a0 .part L_0x55c49c4f2860, 4, 1;
L_0x55c49c4cc310 .part L_0x55c49c4f07b0, 8, 1;
L_0x55c49c4cc4c0 .part L_0x55c49c4f18b0, 5, 1;
L_0x55c49c4cc640 .part L_0x55c49c4f2860, 5, 1;
L_0x55c49c4cc730 .part L_0x55c49c4f07b0, 10, 1;
L_0x55c49c4cc9f0 .part L_0x55c49c4f18b0, 6, 1;
L_0x55c49c4ccae0 .part L_0x55c49c4f2860, 6, 1;
L_0x55c49c4cc820 .part L_0x55c49c4f07b0, 12, 1;
L_0x55c49c4cce00 .part L_0x55c49c4f18b0, 7, 1;
L_0x55c49c4ccfb0 .part L_0x55c49c4f2860, 7, 1;
L_0x55c49c4cd0a0 .part L_0x55c49c4f07b0, 14, 1;
LS_0x55c49c4cd370_0_0 .concat8 [ 1 1 1 1], L_0x55c49c4cae60, L_0x55c49c4cb1c0, L_0x55c49c4cb6f0, L_0x55c49c4cbb40;
LS_0x55c49c4cd370_0_4 .concat8 [ 1 1 1 1], L_0x55c49c4cc090, L_0x55c49c4cc400, L_0x55c49c4cc930, L_0x55c49c4ccd40;
L_0x55c49c4cd370 .concat8 [ 4 4 0 0], LS_0x55c49c4cd370_0_0, LS_0x55c49c4cd370_0_4;
L_0x55c49c4cd730 .part L_0x55c49c4f18b0, 0, 1;
L_0x55c49c4cd8b0 .part L_0x55c49c4f2860, 0, 1;
L_0x55c49c4cda60 .concat [ 1 1 0 0], L_0x55c49c4cd950, L_0x55c49c4cd950;
L_0x55c49c4cdd50 .part L_0x55c49c4f18b0, 0, 1;
L_0x55c49c4cddf0 .part L_0x55c49c4f2860, 0, 1;
L_0x55c49c4ce0a0 .concat [ 1 1 0 0], L_0x55c49c4cdf90, L_0x55c49c4cdf90;
L_0x55c49c4ce3b0 .part L_0x55c49c4f18b0, 0, 1;
L_0x55c49c4ce620 .part L_0x55c49c4f2860, 0, 1;
L_0x55c49c4ce8e0 .concat [ 1 1 0 0], L_0x55c49c4ce780, L_0x55c49c4ce780;
L_0x55c49c4ced70 .part L_0x55c49c4f18b0, 1, 1;
L_0x55c49c4cee10 .part L_0x55c49c4f2860, 1, 1;
L_0x55c49c4cefe0 .concat [ 1 1 0 0], L_0x55c49c4ce9d0, L_0x55c49c4ce9d0;
L_0x55c49c4cf250 .part L_0x55c49c4f18b0, 1, 1;
L_0x55c49c4cf430 .part L_0x55c49c4f2860, 1, 1;
L_0x55c49c4cf5e0 .concat [ 1 1 0 0], L_0x55c49c4cf4d0, L_0x55c49c4cf4d0;
L_0x55c49c4cfa50 .part L_0x55c49c4f18b0, 1, 1;
L_0x55c49c4cfc40 .part L_0x55c49c4f2860, 1, 1;
L_0x55c49c4d00b0 .concat [ 1 1 0 0], L_0x55c49c4cff00, L_0x55c49c4cff00;
L_0x55c49c4d0010 .part L_0x55c49c4f18b0, 2, 1;
L_0x55c49c4d05e0 .part L_0x55c49c4f2860, 2, 1;
L_0x55c49c4d0790 .concat [ 1 1 0 0], L_0x55c49c4d0680, L_0x55c49c4d0680;
L_0x55c49c4d0bd0 .part L_0x55c49c4f18b0, 2, 1;
L_0x55c49c4d0e80 .part L_0x55c49c4f2860, 2, 1;
L_0x55c49c4d13d0 .concat [ 1 1 0 0], L_0x55c49c4d12c0, L_0x55c49c4d12c0;
L_0x55c49c4d1760 .part L_0x55c49c4f18b0, 2, 1;
L_0x55c49c4d1b40 .part L_0x55c49c4f2860, 2, 1;
L_0x55c49c4d1ea0 .concat [ 1 1 0 0], L_0x55c49c4d1ca0, L_0x55c49c4d1ca0;
L_0x55c49c4d2460 .part L_0x55c49c4f18b0, 3, 1;
L_0x55c49c4d2500 .part L_0x55c49c4f2860, 3, 1;
L_0x55c49c4d2870 .concat [ 1 1 0 0], L_0x55c49c4d2760, L_0x55c49c4d2760;
L_0x55c49c4d2b80 .part L_0x55c49c4f18b0, 3, 1;
L_0x55c49c4d2df0 .part L_0x55c49c4f2860, 3, 1;
L_0x55c49c4d2fa0 .concat [ 1 1 0 0], L_0x55c49c4d2e90, L_0x55c49c4d2e90;
L_0x55c49c4d35b0 .part L_0x55c49c4f18b0, 3, 1;
L_0x55c49c4d3380 .part L_0x55c49c4f2860, 3, 1;
L_0x55c49c4d3cd0 .concat [ 1 1 0 0], L_0x55c49c4d3a80, L_0x55c49c4d3a80;
L_0x55c49c4d4130 .part L_0x55c49c4f18b0, 4, 1;
L_0x55c49c4d43d0 .part L_0x55c49c4f2860, 4, 1;
L_0x55c49c4d4580 .concat [ 1 1 0 0], L_0x55c49c4d4470, L_0x55c49c4d4470;
L_0x55c49c4d4af0 .part L_0x55c49c4f18b0, 4, 1;
L_0x55c49c4d4b90 .part L_0x55c49c4f2860, 4, 1;
L_0x55c49c4d4f60 .concat [ 1 1 0 0], L_0x55c49c4d4e50, L_0x55c49c4d4e50;
L_0x55c49c4d53e0 .part L_0x55c49c4f18b0, 4, 1;
L_0x55c49c4d58f0 .part L_0x55c49c4f2860, 4, 1;
L_0x55c49c4d5cf0 .concat [ 1 1 0 0], L_0x55c49c4d5a50, L_0x55c49c4d5a50;
L_0x55c49c4d63e0 .part L_0x55c49c4f18b0, 5, 1;
L_0x55c49c4d6480 .part L_0x55c49c4f2860, 5, 1;
L_0x55c49c4d6880 .concat [ 1 1 0 0], L_0x55c49c4d6770, L_0x55c49c4d6770;
L_0x55c49c4d6c30 .part L_0x55c49c4f18b0, 5, 1;
L_0x55c49c4d6f30 .part L_0x55c49c4f2860, 5, 1;
L_0x55c49c4d70e0 .concat [ 1 1 0 0], L_0x55c49c4d6fd0, L_0x55c49c4d6fd0;
L_0x55c49c4d7820 .part L_0x55c49c4f18b0, 5, 1;
L_0x55c49c4d7b50 .part L_0x55c49c4f2860, 5, 1;
L_0x55c49c4d8220 .concat [ 1 1 0 0], L_0x55c49c4d7f30, L_0x55c49c4d7f30;
L_0x55c49c4d8720 .part L_0x55c49c4f18b0, 6, 1;
L_0x55c49c4d8a50 .part L_0x55c49c4f2860, 6, 1;
L_0x55c49c4d8c00 .concat [ 1 1 0 0], L_0x55c49c4d8af0, L_0x55c49c4d8af0;
L_0x55c49c4d92a0 .part L_0x55c49c4f18b0, 6, 1;
L_0x55c49c4d9340 .part L_0x55c49c4f2860, 6, 1;
L_0x55c49c4d97a0 .concat [ 1 1 0 0], L_0x55c49c4d9690, L_0x55c49c4d9690;
L_0x55c49c4d9cc0 .part L_0x55c49c4f18b0, 6, 1;
L_0x55c49c4da300 .part L_0x55c49c4f2860, 6, 1;
L_0x55c49c4da7a0 .concat [ 1 1 0 0], L_0x55c49c4da460, L_0x55c49c4da460;
LS_0x55c49c4dafc0_0_0 .concat8 [ 2 2 2 2], L_0x7f550f9b1018, L_0x55c49c4cec00, L_0x55c49c4d02b0, L_0x55c49c4d2250;
LS_0x55c49c4dafc0_0_4 .concat8 [ 2 2 2 2], L_0x55c49c4d3ed0, L_0x55c49c4d6130, L_0x55c49c4d8420, L_0x55c49c4dac70;
LS_0x55c49c4dafc0_0_8 .concat8 [ 2 0 0 0], L_0x55c49c4de320;
L_0x55c49c4dafc0 .concat8 [ 8 8 2 0], LS_0x55c49c4dafc0_0_0, LS_0x55c49c4dafc0_0_4, LS_0x55c49c4dafc0_0_8;
L_0x55c49c4db2e0 .part L_0x55c49c4f18b0, 7, 1;
L_0x55c49c4db660 .part L_0x55c49c4f2860, 7, 1;
L_0x55c49c4db810 .concat [ 1 1 0 0], L_0x55c49c4db700, L_0x55c49c4db700;
L_0x55c49c4dbf50 .part L_0x55c49c4f18b0, 7, 1;
L_0x55c49c4dbff0 .part L_0x55c49c4f2860, 7, 1;
L_0x55c49c4dc4a0 .concat [ 1 1 0 0], L_0x55c49c4dc390, L_0x55c49c4dc390;
L_0x55c49c4dca10 .part L_0x55c49c4f18b0, 7, 1;
L_0x55c49c4dd500 .part L_0x55c49c4f2860, 7, 1;
L_0x55c49c4dde00 .concat [ 1 1 0 0], L_0x55c49c4dda70, L_0x55c49c4dda70;
L_0x55c49c4de710 .part L_0x55c49c4dafc0, 0, 2;
L_0x55c49c4df190 .part L_0x55c49c4dafc0, 0, 2;
L_0x55c49c4df560 .part L_0x55c49c4dafc0, 2, 2;
L_0x55c49c4dff80 .part L_0x55c49c4dafc0, 2, 2;
L_0x55c49c4e0360 .part L_0x55c49c4dafc0, 4, 2;
L_0x55c49c4e0dd0 .part L_0x55c49c4dafc0, 4, 2;
L_0x55c49c4e11c0 .part L_0x55c49c4dafc0, 6, 2;
L_0x55c49c4e1c30 .part L_0x55c49c4dafc0, 6, 2;
L_0x55c49c4e2030 .part L_0x55c49c4dafc0, 8, 2;
L_0x55c49c4e2aa0 .part L_0x55c49c4dafc0, 8, 2;
L_0x55c49c4e2eb0 .part L_0x55c49c4dafc0, 10, 2;
L_0x55c49c4e39b0 .part L_0x55c49c4dafc0, 10, 2;
L_0x55c49c4e3dd0 .part L_0x55c49c4dafc0, 12, 2;
L_0x55c49c4e48d0 .part L_0x55c49c4dafc0, 12, 2;
L_0x55c49c4e4d00 .part L_0x55c49c4dafc0, 14, 2;
L_0x55c49c4e5800 .part L_0x55c49c4dafc0, 14, 2;
L_0x55c49c4e5c40 .part L_0x55c49c4dafc0, 16, 2;
LS_0x55c49c4e5ce0_0_0 .concat8 [ 2 2 2 2], L_0x55c49c4de710, L_0x55c49c4dec50, L_0x55c49c4dfa00, L_0x55c49c4e0850;
LS_0x55c49c4e5ce0_0_4 .concat8 [ 2 2 2 2], L_0x55c49c4e16b0, L_0x55c49c4e2520, L_0x55c49c4e33a0, L_0x55c49c4e42c0;
LS_0x55c49c4e5ce0_0_8 .concat8 [ 2 0 0 0], L_0x55c49c4e51f0;
L_0x55c49c4e5ce0 .concat8 [ 8 8 2 0], LS_0x55c49c4e5ce0_0_0, LS_0x55c49c4e5ce0_0_4, LS_0x55c49c4e5ce0_0_8;
L_0x55c49c4e6400 .part L_0x55c49c4e5ce0, 0, 4;
L_0x55c49c4e6f50 .part L_0x55c49c4e5ce0, 0, 2;
L_0x55c49c4e73b0 .part L_0x55c49c4e5ce0, 4, 2;
L_0x55c49c4e7ef0 .part L_0x55c49c4e5ce0, 2, 2;
L_0x55c49c4e8360 .part L_0x55c49c4e5ce0, 6, 2;
L_0x55c49c4e8e60 .part L_0x55c49c4e5ce0, 4, 2;
L_0x55c49c4e92e0 .part L_0x55c49c4e5ce0, 8, 2;
L_0x55c49c4e9d50 .part L_0x55c49c4e5ce0, 6, 2;
L_0x55c49c4ea1e0 .part L_0x55c49c4e5ce0, 10, 2;
L_0x55c49c4eace0 .part L_0x55c49c4e5ce0, 8, 2;
L_0x55c49c4eb180 .part L_0x55c49c4e5ce0, 12, 2;
L_0x55c49c4ebc80 .part L_0x55c49c4e5ce0, 10, 2;
L_0x55c49c4ec130 .part L_0x55c49c4e5ce0, 14, 2;
L_0x55c49c4ecc60 .part L_0x55c49c4e5ce0, 12, 2;
L_0x55c49c4ed120 .part L_0x55c49c4e5ce0, 16, 2;
LS_0x55c49c4ed1c0_0_0 .concat8 [ 4 2 2 2], L_0x55c49c4e6400, L_0x55c49c4e6940, L_0x55c49c4e78e0, L_0x55c49c4e8850;
LS_0x55c49c4ed1c0_0_4 .concat8 [ 2 2 2 2], L_0x55c49c4e97d0, L_0x55c49c4ea6d0, L_0x55c49c4eb670, L_0x55c49c4ec620;
L_0x55c49c4ed1c0 .concat8 [ 10 8 0 0], LS_0x55c49c4ed1c0_0_0, LS_0x55c49c4ed1c0_0_4;
L_0x55c49c4ecd00 .part L_0x55c49c4ed1c0, 0, 8;
L_0x55c49c4ee090 .part L_0x55c49c4ed1c0, 0, 2;
L_0x55c49c4ed530 .part L_0x55c49c4ed1c0, 8, 2;
L_0x55c49c4eece0 .part L_0x55c49c4ed1c0, 2, 2;
L_0x55c49c4ee130 .part L_0x55c49c4ed1c0, 10, 2;
L_0x55c49c4ef8a0 .part L_0x55c49c4ed1c0, 4, 2;
L_0x55c49c4eed80 .part L_0x55c49c4ed1c0, 12, 2;
L_0x55c49c4f03f0 .part L_0x55c49c4ed1c0, 6, 2;
L_0x55c49c4ef940 .part L_0x55c49c4ed1c0, 14, 2;
L_0x55c49c4f1010 .part L_0x55c49c4ed1c0, 8, 2;
L_0x55c49c4f0490 .part L_0x55c49c4ed1c0, 16, 2;
LS_0x55c49c4f0530_0_0 .concat8 [ 8 2 2 2], L_0x55c49c4ecd00, L_0x55c49c4edac0, L_0x55c49c4ee680, L_0x55c49c4ef290;
LS_0x55c49c4f0530_0_4 .concat8 [ 2 2 0 0], L_0x55c49c4efe40, L_0x55c49c4f09a0;
L_0x55c49c4f0530 .concat8 [ 14 4 0 0], LS_0x55c49c4f0530_0_0, LS_0x55c49c4f0530_0_4;
L_0x55c49c4f07b0 .part/pv L_0x55c49c4f0850, 0, 16, 18;
L_0x55c49c4f0850 .part RS_0x7f550fa00fd8, 0, 16;
L_0x55c49c4f2050 .part L_0x55c49c4ed1c0, 0, 2;
L_0x55c49c4f20f0 .part L_0x55c49c4ed1c0, 16, 2;
L_0x55c49c4f15e0 .part/pv L_0x55c49c4f1a80, 16, 2, 18;
L_0x55c49c4f16d0 .part L_0x55c49c4f07b0, 17, 1;
S_0x55c49c3fa010 .scope generate, "fa[0]" "fa[0]" 3 68, 3 68 0, S_0x55c49c3fadd0;
 .timescale 0 0;
P_0x55c49c3f9500 .param/l "p" 0 3 68, +C4<00>;
S_0x55c49c3f9250 .scope module, "f" "fa" 3 69, 3 10 0, S_0x55c49c3fa010;
 .timescale 0 0;
    .port_info 0 /INPUT 1 "a"
    .port_info 1 /INPUT 1 "b"
    .port_info 2 /INPUT 1 "cin"
    .port_info 3 /OUTPUT 1 "s"
L_0x55c49c4cadf0 .functor XOR 1, L_0x55c49c4caed0, L_0x55c49c4caf70, C4<0>, C4<0>;
L_0x55c49c4cae60 .functor XOR 1, L_0x55c49c4cadf0, L_0x55c49c4cb060, C4<0>, C4<0>;
v0x55c49c3fb400_0 .net *"_s0", 0 0, L_0x55c49c4cadf0;  1 drivers
v0x55c49c49a0b0_0 .net "a", 0 0, L_0x55c49c4caed0;  1 drivers
v0x55c49c49a170_0 .net "b", 0 0, L_0x55c49c4caf70;  1 drivers
v0x55c49c49a210_0 .net "cin", 0 0, L_0x55c49c4cb060;  1 drivers
v0x55c49c49a2d0_0 .net "s", 0 0, L_0x55c49c4cae60;  1 drivers
S_0x55c49c49a460 .scope generate, "fa[1]" "fa[1]" 3 68, 3 68 0, S_0x55c49c3fadd0;
 .timescale 0 0;
P_0x55c49c49a670 .param/l "p" 0 3 68, +C4<01>;
S_0x55c49c49a730 .scope module, "f" "fa" 3 69, 3 10 0, S_0x55c49c49a460;
 .timescale 0 0;
    .port_info 0 /INPUT 1 "a"
    .port_info 1 /INPUT 1 "b"
    .port_info 2 /INPUT 1 "cin"
    .port_info 3 /OUTPUT 1 "s"
L_0x55c49c4cb150 .functor XOR 1, L_0x55c49c4cb280, L_0x55c49c4cb3c0, C4<0>, C4<0>;
L_0x55c49c4cb1c0 .functor XOR 1, L_0x55c49c4cb150, L_0x55c49c4cb500, C4<0>, C4<0>;
v0x55c49c49a900_0 .net *"_s0", 0 0, L_0x55c49c4cb150;  1 drivers
v0x55c49c49aa00_0 .net "a", 0 0, L_0x55c49c4cb280;  1 drivers
v0x55c49c49aac0_0 .net "b", 0 0, L_0x55c49c4cb3c0;  1 drivers
v0x55c49c49ab60_0 .net "cin", 0 0, L_0x55c49c4cb500;  1 drivers
v0x55c49c49ac20_0 .net "s", 0 0, L_0x55c49c4cb1c0;  1 drivers
S_0x55c49c49adb0 .scope generate, "fa[2]" "fa[2]" 3 68, 3 68 0, S_0x55c49c3fadd0;
 .timescale 0 0;
P_0x55c49c49afa0 .param/l "p" 0 3 68, +C4<010>;
S_0x55c49c49b060 .scope module, "f" "fa" 3 69, 3 10 0, S_0x55c49c49adb0;
 .timescale 0 0;
    .port_info 0 /INPUT 1 "a"
    .port_info 1 /INPUT 1 "b"
    .port_info 2 /INPUT 1 "cin"
    .port_info 3 /OUTPUT 1 "s"
L_0x55c49c4cb680 .functor XOR 1, L_0x55c49c4cb7b0, L_0x55c49c4cb8a0, C4<0>, C4<0>;
L_0x55c49c4cb6f0 .functor XOR 1, L_0x55c49c4cb680, L_0x55c49c4cb9e0, C4<0>, C4<0>;
v0x55c49c49b260_0 .net *"_s0", 0 0, L_0x55c49c4cb680;  1 drivers
v0x55c49c49b360_0 .net "a", 0 0, L_0x55c49c4cb7b0;  1 drivers
v0x55c49c49b420_0 .net "b", 0 0, L_0x55c49c4cb8a0;  1 drivers
v0x55c49c49b4f0_0 .net "cin", 0 0, L_0x55c49c4cb9e0;  1 drivers
v0x55c49c49b5b0_0 .net "s", 0 0, L_0x55c49c4cb6f0;  1 drivers
S_0x55c49c49b740 .scope generate, "fa[3]" "fa[3]" 3 68, 3 68 0, S_0x55c49c3fadd0;
 .timescale 0 0;
P_0x55c49c49b930 .param/l "p" 0 3 68, +C4<011>;
S_0x55c49c49ba10 .scope module, "f" "fa" 3 69, 3 10 0, S_0x55c49c49b740;
 .timescale 0 0;
    .port_info 0 /INPUT 1 "a"
    .port_info 1 /INPUT 1 "b"
    .port_info 2 /INPUT 1 "cin"
    .port_info 3 /OUTPUT 1 "s"
L_0x55c49c4cbad0 .functor XOR 1, L_0x55c49c4cbc00, L_0x55c49c4cbd50, C4<0>, C4<0>;
L_0x55c49c4cbb40 .functor XOR 1, L_0x55c49c4cbad0, L_0x55c49c4cbe80, C4<0>, C4<0>;
v0x55c49c49bbe0_0 .net *"_s0", 0 0, L_0x55c49c4cbad0;  1 drivers
v0x55c49c49bce0_0 .net "a", 0 0, L_0x55c49c4cbc00;  1 drivers
v0x55c49c49bda0_0 .net "b", 0 0, L_0x55c49c4cbd50;  1 drivers
v0x55c49c49be70_0 .net "cin", 0 0, L_0x55c49c4cbe80;  1 drivers
v0x55c49c49bf30_0 .net "s", 0 0, L_0x55c49c4cbb40;  1 drivers
S_0x55c49c49c0c0 .scope generate, "fa[4]" "fa[4]" 3 68, 3 68 0, S_0x55c49c3fadd0;
 .timescale 0 0;
P_0x55c49c49c300 .param/l "p" 0 3 68, +C4<0100>;
S_0x55c49c49c3e0 .scope module, "f" "fa" 3 69, 3 10 0, S_0x55c49c49c0c0;
 .timescale 0 0;
    .port_info 0 /INPUT 1 "a"
    .port_info 1 /INPUT 1 "b"
    .port_info 2 /INPUT 1 "cin"
    .port_info 3 /OUTPUT 1 "s"
L_0x55c49c4cc020 .functor XOR 1, L_0x55c49c4cc100, L_0x55c49c4cc1a0, C4<0>, C4<0>;
L_0x55c49c4cc090 .functor XOR 1, L_0x55c49c4cc020, L_0x55c49c4cc310, C4<0>, C4<0>;
v0x55c49c49c5b0_0 .net *"_s0", 0 0, L_0x55c49c4cc020;  1 drivers
v0x55c49c49c6b0_0 .net "a", 0 0, L_0x55c49c4cc100;  1 drivers
v0x55c49c49c770_0 .net "b", 0 0, L_0x55c49c4cc1a0;  1 drivers
v0x55c49c49c810_0 .net "cin", 0 0, L_0x55c49c4cc310;  1 drivers
v0x55c49c49c8d0_0 .net "s", 0 0, L_0x55c49c4cc090;  1 drivers
S_0x55c49c49ca60 .scope generate, "fa[5]" "fa[5]" 3 68, 3 68 0, S_0x55c49c3fadd0;
 .timescale 0 0;
P_0x55c49c49cc50 .param/l "p" 0 3 68, +C4<0101>;
S_0x55c49c49cd30 .scope module, "f" "fa" 3 69, 3 10 0, S_0x55c49c49ca60;
 .timescale 0 0;
    .port_info 0 /INPUT 1 "a"
    .port_info 1 /INPUT 1 "b"
    .port_info 2 /INPUT 1 "cin"
    .port_info 3 /OUTPUT 1 "s"
L_0x55c49c4cbfb0 .functor XOR 1, L_0x55c49c4cc4c0, L_0x55c49c4cc640, C4<0>, C4<0>;
L_0x55c49c4cc400 .functor XOR 1, L_0x55c49c4cbfb0, L_0x55c49c4cc730, C4<0>, C4<0>;
v0x55c49c49cf00_0 .net *"_s0", 0 0, L_0x55c49c4cbfb0;  1 drivers
v0x55c49c49d000_0 .net "a", 0 0, L_0x55c49c4cc4c0;  1 drivers
v0x55c49c49d0c0_0 .net "b", 0 0, L_0x55c49c4cc640;  1 drivers
v0x55c49c49d190_0 .net "cin", 0 0, L_0x55c49c4cc730;  1 drivers
v0x55c49c49d250_0 .net "s", 0 0, L_0x55c49c4cc400;  1 drivers
S_0x55c49c49d3e0 .scope generate, "fa[6]" "fa[6]" 3 68, 3 68 0, S_0x55c49c3fadd0;
 .timescale 0 0;
P_0x55c49c49d5d0 .param/l "p" 0 3 68, +C4<0110>;
S_0x55c49c49d6b0 .scope module, "f" "fa" 3 69, 3 10 0, S_0x55c49c49d3e0;
 .timescale 0 0;
    .port_info 0 /INPUT 1 "a"
    .port_info 1 /INPUT 1 "b"
    .port_info 2 /INPUT 1 "cin"
    .port_info 3 /OUTPUT 1 "s"
L_0x55c49c4cc8c0 .functor XOR 1, L_0x55c49c4cc9f0, L_0x55c49c4ccae0, C4<0>, C4<0>;
L_0x55c49c4cc930 .functor XOR 1, L_0x55c49c4cc8c0, L_0x55c49c4cc820, C4<0>, C4<0>;
v0x55c49c49d8f0_0 .net *"_s0", 0 0, L_0x55c49c4cc8c0;  1 drivers
v0x55c49c49d9f0_0 .net "a", 0 0, L_0x55c49c4cc9f0;  1 drivers
v0x55c49c49dab0_0 .net "b", 0 0, L_0x55c49c4ccae0;  1 drivers
v0x55c49c49db80_0 .net "cin", 0 0, L_0x55c49c4cc820;  1 drivers
v0x55c49c49dc40_0 .net "s", 0 0, L_0x55c49c4cc930;  1 drivers
S_0x55c49c49ddd0 .scope generate, "fa[7]" "fa[7]" 3 68, 3 68 0, S_0x55c49c3fadd0;
 .timescale 0 0;
P_0x55c49c49dfc0 .param/l "p" 0 3 68, +C4<0111>;
S_0x55c49c49e0a0 .scope module, "f" "fa" 3 69, 3 10 0, S_0x55c49c49ddd0;
 .timescale 0 0;
    .port_info 0 /INPUT 1 "a"
    .port_info 1 /INPUT 1 "b"
    .port_info 2 /INPUT 1 "cin"
    .port_info 3 /OUTPUT 1 "s"
L_0x55c49c4cccd0 .functor XOR 1, L_0x55c49c4cce00, L_0x55c49c4ccfb0, C4<0>, C4<0>;
L_0x55c49c4ccd40 .functor XOR 1, L_0x55c49c4cccd0, L_0x55c49c4cd0a0, C4<0>, C4<0>;
v0x55c49c49e2e0_0 .net *"_s0", 0 0, L_0x55c49c4cccd0;  1 drivers
v0x55c49c49e3e0_0 .net "a", 0 0, L_0x55c49c4cce00;  1 drivers
v0x55c49c49e4a0_0 .net "b", 0 0, L_0x55c49c4ccfb0;  1 drivers
v0x55c49c49e570_0 .net "cin", 0 0, L_0x55c49c4cd0a0;  1 drivers
v0x55c49c49e630_0 .net "s", 0 0, L_0x55c49c4ccd40;  1 drivers
S_0x55c49c49e7c0 .scope module, "op1_1" "star" 3 38, 3 1 0, S_0x55c49c3fadd0;
 .timescale 0 0;
    .port_info 0 /INPUT 2 "a"
    .port_info 1 /INPUT 2 "b"
    .port_info 2 /OUTPUT 2 "c"
L_0x55c49c4de940 .functor AND 1, L_0x55c49c4de800, L_0x55c49c4de8a0, C4<1>, C4<1>;
L_0x55c49c4deb40 .functor OR 1, L_0x55c49c4de940, L_0x55c49c4dea50, C4<0>, C4<0>;
L_0x55c49c4deed0 .functor AND 1, L_0x55c49c4ded40, L_0x55c49c4dede0, C4<1>, C4<1>;
L_0x55c49c4df080 .functor OR 1, L_0x55c49c4deed0, L_0x55c49c4defe0, C4<0>, C4<0>;
v0x55c49c49e9b0_0 .net *"_s10", 0 0, L_0x55c49c4deb40;  1 drivers
v0x55c49c49eab0_0 .net *"_s16", 0 0, L_0x55c49c4ded40;  1 drivers
v0x55c49c49eb90_0 .net *"_s18", 0 0, L_0x55c49c4dede0;  1 drivers
v0x55c49c49ec50_0 .net *"_s19", 0 0, L_0x55c49c4deed0;  1 drivers
v0x55c49c49ed30_0 .net *"_s22", 0 0, L_0x55c49c4defe0;  1 drivers
v0x55c49c49ee60_0 .net *"_s23", 0 0, L_0x55c49c4df080;  1 drivers
v0x55c49c49ef40_0 .net *"_s3", 0 0, L_0x55c49c4de800;  1 drivers
v0x55c49c49f020_0 .net *"_s5", 0 0, L_0x55c49c4de8a0;  1 drivers
v0x55c49c49f100_0 .net *"_s6", 0 0, L_0x55c49c4de940;  1 drivers
v0x55c49c49f1e0_0 .net *"_s9", 0 0, L_0x55c49c4dea50;  1 drivers
v0x55c49c49f2c0_0 .net "a", 1 0, L_0x55c49c4df190;  1 drivers
v0x55c49c49f3a0_0 .net "b", 1 0, L_0x55c49c4df560;  1 drivers
v0x55c49c49f480_0 .net "c", 1 0, L_0x55c49c4dec50;  1 drivers
L_0x55c49c4de800 .part L_0x55c49c4df560, 0, 1;
L_0x55c49c4de8a0 .part L_0x55c49c4df190, 0, 1;
L_0x55c49c4dea50 .part L_0x55c49c4df560, 1, 1;
L_0x55c49c4dec50 .concat8 [ 1 1 0 0], L_0x55c49c4deb40, L_0x55c49c4df080;
L_0x55c49c4ded40 .part L_0x55c49c4df560, 0, 1;
L_0x55c49c4dede0 .part L_0x55c49c4df190, 1, 1;
L_0x55c49c4defe0 .part L_0x55c49c4df560, 1, 1;
S_0x55c49c49f5e0 .scope module, "op2_1" "star" 3 39, 3 1 0, S_0x55c49c3fadd0;
 .timescale 0 0;
    .port_info 0 /INPUT 2 "a"
    .port_info 1 /INPUT 2 "b"
    .port_info 2 /OUTPUT 2 "c"
L_0x55c49c4df740 .functor AND 1, L_0x55c49c4df600, L_0x55c49c4df6a0, C4<1>, C4<1>;
L_0x55c49c4df8f0 .functor OR 1, L_0x55c49c4df740, L_0x55c49c4df800, C4<0>, C4<0>;
L_0x55c49c4dfcc0 .functor AND 1, L_0x55c49c4dfaf0, L_0x55c49c4dfb90, C4<1>, C4<1>;
L_0x55c49c4dfe70 .functor OR 1, L_0x55c49c4dfcc0, L_0x55c49c4dfdd0, C4<0>, C4<0>;
v0x55c49c49f7b0_0 .net *"_s10", 0 0, L_0x55c49c4df8f0;  1 drivers
v0x55c49c49f8b0_0 .net *"_s16", 0 0, L_0x55c49c4dfaf0;  1 drivers
v0x55c49c49f990_0 .net *"_s18", 0 0, L_0x55c49c4dfb90;  1 drivers
v0x55c49c49fa50_0 .net *"_s19", 0 0, L_0x55c49c4dfcc0;  1 drivers
v0x55c49c49fb30_0 .net *"_s22", 0 0, L_0x55c49c4dfdd0;  1 drivers
v0x55c49c49fc60_0 .net *"_s23", 0 0, L_0x55c49c4dfe70;  1 drivers
v0x55c49c49fd40_0 .net *"_s3", 0 0, L_0x55c49c4df600;  1 drivers
v0x55c49c49fe20_0 .net *"_s5", 0 0, L_0x55c49c4df6a0;  1 drivers
v0x55c49c49ff00_0 .net *"_s6", 0 0, L_0x55c49c4df740;  1 drivers
v0x55c49c4a0070_0 .net *"_s9", 0 0, L_0x55c49c4df800;  1 drivers
v0x55c49c4a0150_0 .net "a", 1 0, L_0x55c49c4dff80;  1 drivers
v0x55c49c4a0230_0 .net "b", 1 0, L_0x55c49c4e0360;  1 drivers
v0x55c49c4a0310_0 .net "c", 1 0, L_0x55c49c4dfa00;  1 drivers
L_0x55c49c4df600 .part L_0x55c49c4e0360, 0, 1;
L_0x55c49c4df6a0 .part L_0x55c49c4dff80, 0, 1;
L_0x55c49c4df800 .part L_0x55c49c4e0360, 1, 1;
L_0x55c49c4dfa00 .concat8 [ 1 1 0 0], L_0x55c49c4df8f0, L_0x55c49c4dfe70;
L_0x55c49c4dfaf0 .part L_0x55c49c4e0360, 0, 1;
L_0x55c49c4dfb90 .part L_0x55c49c4dff80, 1, 1;
L_0x55c49c4dfdd0 .part L_0x55c49c4e0360, 1, 1;
S_0x55c49c4a0470 .scope module, "op2_2" "star" 3 48, 3 1 0, S_0x55c49c3fadd0;
 .timescale 0 0;
    .port_info 0 /INPUT 2 "a"
    .port_info 1 /INPUT 2 "b"
    .port_info 2 /OUTPUT 2 "c"
L_0x55c49c4e6630 .functor AND 1, L_0x55c49c4e64f0, L_0x55c49c4e6590, C4<1>, C4<1>;
L_0x55c49c4e6830 .functor OR 1, L_0x55c49c4e6630, L_0x55c49c4e6740, C4<0>, C4<0>;
L_0x55c49c4e6c00 .functor AND 1, L_0x55c49c4e6a30, L_0x55c49c4e6ad0, C4<1>, C4<1>;
L_0x55c49c4e6e40 .functor OR 1, L_0x55c49c4e6c00, L_0x55c49c4e6d10, C4<0>, C4<0>;
v0x55c49c4a0640_0 .net *"_s10", 0 0, L_0x55c49c4e6830;  1 drivers
v0x55c49c4a0740_0 .net *"_s16", 0 0, L_0x55c49c4e6a30;  1 drivers
v0x55c49c4a0820_0 .net *"_s18", 0 0, L_0x55c49c4e6ad0;  1 drivers
v0x55c49c4a08e0_0 .net *"_s19", 0 0, L_0x55c49c4e6c00;  1 drivers
v0x55c49c4a09c0_0 .net *"_s22", 0 0, L_0x55c49c4e6d10;  1 drivers
v0x55c49c4a0af0_0 .net *"_s23", 0 0, L_0x55c49c4e6e40;  1 drivers
v0x55c49c4a0bd0_0 .net *"_s3", 0 0, L_0x55c49c4e64f0;  1 drivers
v0x55c49c4a0cb0_0 .net *"_s5", 0 0, L_0x55c49c4e6590;  1 drivers
v0x55c49c4a0d90_0 .net *"_s6", 0 0, L_0x55c49c4e6630;  1 drivers
v0x55c49c4a0f00_0 .net *"_s9", 0 0, L_0x55c49c4e6740;  1 drivers
v0x55c49c4a0fe0_0 .net "a", 1 0, L_0x55c49c4e6f50;  1 drivers
v0x55c49c4a10c0_0 .net "b", 1 0, L_0x55c49c4e73b0;  1 drivers
v0x55c49c4a11a0_0 .net "c", 1 0, L_0x55c49c4e6940;  1 drivers
L_0x55c49c4e64f0 .part L_0x55c49c4e73b0, 0, 1;
L_0x55c49c4e6590 .part L_0x55c49c4e6f50, 0, 1;
L_0x55c49c4e6740 .part L_0x55c49c4e73b0, 1, 1;
L_0x55c49c4e6940 .concat8 [ 1 1 0 0], L_0x55c49c4e6830, L_0x55c49c4e6e40;
L_0x55c49c4e6a30 .part L_0x55c49c4e73b0, 0, 1;
L_0x55c49c4e6ad0 .part L_0x55c49c4e6f50, 1, 1;
L_0x55c49c4e6d10 .part L_0x55c49c4e73b0, 1, 1;
S_0x55c49c4a1300 .scope module, "op3_1" "star" 3 40, 3 1 0, S_0x55c49c3fadd0;
 .timescale 0 0;
    .port_info 0 /INPUT 2 "a"
    .port_info 1 /INPUT 2 "b"
    .port_info 2 /OUTPUT 2 "c"
L_0x55c49c4e0540 .functor AND 1, L_0x55c49c4e0400, L_0x55c49c4e04a0, C4<1>, C4<1>;
L_0x55c49c4e0740 .functor OR 1, L_0x55c49c4e0540, L_0x55c49c4e0650, C4<0>, C4<0>;
L_0x55c49c4e0b10 .functor AND 1, L_0x55c49c4e0940, L_0x55c49c4e09e0, C4<1>, C4<1>;
L_0x55c49c4e0cc0 .functor OR 1, L_0x55c49c4e0b10, L_0x55c49c4e0c20, C4<0>, C4<0>;
v0x55c49c4a14d0_0 .net *"_s10", 0 0, L_0x55c49c4e0740;  1 drivers
v0x55c49c4a15d0_0 .net *"_s16", 0 0, L_0x55c49c4e0940;  1 drivers
v0x55c49c4a16b0_0 .net *"_s18", 0 0, L_0x55c49c4e09e0;  1 drivers
v0x55c49c4a1770_0 .net *"_s19", 0 0, L_0x55c49c4e0b10;  1 drivers
v0x55c49c4a1850_0 .net *"_s22", 0 0, L_0x55c49c4e0c20;  1 drivers
v0x55c49c4a1980_0 .net *"_s23", 0 0, L_0x55c49c4e0cc0;  1 drivers
v0x55c49c4a1a60_0 .net *"_s3", 0 0, L_0x55c49c4e0400;  1 drivers
v0x55c49c4a1b40_0 .net *"_s5", 0 0, L_0x55c49c4e04a0;  1 drivers
v0x55c49c4a1c20_0 .net *"_s6", 0 0, L_0x55c49c4e0540;  1 drivers
v0x55c49c4a1d90_0 .net *"_s9", 0 0, L_0x55c49c4e0650;  1 drivers
v0x55c49c4a1e70_0 .net "a", 1 0, L_0x55c49c4e0dd0;  1 drivers
v0x55c49c4a1f50_0 .net "b", 1 0, L_0x55c49c4e11c0;  1 drivers
v0x55c49c4a2030_0 .net "c", 1 0, L_0x55c49c4e0850;  1 drivers
L_0x55c49c4e0400 .part L_0x55c49c4e11c0, 0, 1;
L_0x55c49c4e04a0 .part L_0x55c49c4e0dd0, 0, 1;
L_0x55c49c4e0650 .part L_0x55c49c4e11c0, 1, 1;
L_0x55c49c4e0850 .concat8 [ 1 1 0 0], L_0x55c49c4e0740, L_0x55c49c4e0cc0;
L_0x55c49c4e0940 .part L_0x55c49c4e11c0, 0, 1;
L_0x55c49c4e09e0 .part L_0x55c49c4e0dd0, 1, 1;
L_0x55c49c4e0c20 .part L_0x55c49c4e11c0, 1, 1;
S_0x55c49c4a2190 .scope module, "op3_2" "star" 3 49, 3 1 0, S_0x55c49c3fadd0;
 .timescale 0 0;
    .port_info 0 /INPUT 2 "a"
    .port_info 1 /INPUT 2 "b"
    .port_info 2 /OUTPUT 2 "c"
L_0x55c49c4e7620 .functor AND 1, L_0x55c49c4e74e0, L_0x55c49c4e7580, C4<1>, C4<1>;
L_0x55c49c4e77d0 .functor OR 1, L_0x55c49c4e7620, L_0x55c49c4e76e0, C4<0>, C4<0>;
L_0x55c49c4e7ba0 .functor AND 1, L_0x55c49c4e79d0, L_0x55c49c4e7a70, C4<1>, C4<1>;
L_0x55c49c4e7de0 .functor OR 1, L_0x55c49c4e7ba0, L_0x55c49c4e7cb0, C4<0>, C4<0>;
v0x55c49c4a2360_0 .net *"_s10", 0 0, L_0x55c49c4e77d0;  1 drivers
v0x55c49c4a2460_0 .net *"_s16", 0 0, L_0x55c49c4e79d0;  1 drivers
v0x55c49c4a2540_0 .net *"_s18", 0 0, L_0x55c49c4e7a70;  1 drivers
v0x55c49c4a2600_0 .net *"_s19", 0 0, L_0x55c49c4e7ba0;  1 drivers
v0x55c49c4a26e0_0 .net *"_s22", 0 0, L_0x55c49c4e7cb0;  1 drivers
v0x55c49c4a2810_0 .net *"_s23", 0 0, L_0x55c49c4e7de0;  1 drivers
v0x55c49c4a28f0_0 .net *"_s3", 0 0, L_0x55c49c4e74e0;  1 drivers
v0x55c49c4a29d0_0 .net *"_s5", 0 0, L_0x55c49c4e7580;  1 drivers
v0x55c49c4a2ab0_0 .net *"_s6", 0 0, L_0x55c49c4e7620;  1 drivers
v0x55c49c4a2c20_0 .net *"_s9", 0 0, L_0x55c49c4e76e0;  1 drivers
v0x55c49c4a2d00_0 .net "a", 1 0, L_0x55c49c4e7ef0;  1 drivers
v0x55c49c4a2de0_0 .net "b", 1 0, L_0x55c49c4e8360;  1 drivers
v0x55c49c4a2ec0_0 .net "c", 1 0, L_0x55c49c4e78e0;  1 drivers
L_0x55c49c4e74e0 .part L_0x55c49c4e8360, 0, 1;
L_0x55c49c4e7580 .part L_0x55c49c4e7ef0, 0, 1;
L_0x55c49c4e76e0 .part L_0x55c49c4e8360, 1, 1;
L_0x55c49c4e78e0 .concat8 [ 1 1 0 0], L_0x55c49c4e77d0, L_0x55c49c4e7de0;
L_0x55c49c4e79d0 .part L_0x55c49c4e8360, 0, 1;
L_0x55c49c4e7a70 .part L_0x55c49c4e7ef0, 1, 1;
L_0x55c49c4e7cb0 .part L_0x55c49c4e8360, 1, 1;
S_0x55c49c4a3020 .scope module, "op4_1" "star" 3 41, 3 1 0, S_0x55c49c3fadd0;
 .timescale 0 0;
    .port_info 0 /INPUT 2 "a"
    .port_info 1 /INPUT 2 "b"
    .port_info 2 /OUTPUT 2 "c"
L_0x55c49c4e13a0 .functor AND 1, L_0x55c49c4e1260, L_0x55c49c4e1300, C4<1>, C4<1>;
L_0x55c49c4e15a0 .functor OR 1, L_0x55c49c4e13a0, L_0x55c49c4e14b0, C4<0>, C4<0>;
L_0x55c49c4e1970 .functor AND 1, L_0x55c49c4e17a0, L_0x55c49c4e1840, C4<1>, C4<1>;
L_0x55c49c4e1b20 .functor OR 1, L_0x55c49c4e1970, L_0x55c49c4e1a80, C4<0>, C4<0>;
v0x55c49c4a31f0_0 .net *"_s10", 0 0, L_0x55c49c4e15a0;  1 drivers
v0x55c49c4a32f0_0 .net *"_s16", 0 0, L_0x55c49c4e17a0;  1 drivers
v0x55c49c4a33d0_0 .net *"_s18", 0 0, L_0x55c49c4e1840;  1 drivers
v0x55c49c4a3490_0 .net *"_s19", 0 0, L_0x55c49c4e1970;  1 drivers
v0x55c49c4a3570_0 .net *"_s22", 0 0, L_0x55c49c4e1a80;  1 drivers
v0x55c49c4a36a0_0 .net *"_s23", 0 0, L_0x55c49c4e1b20;  1 drivers
v0x55c49c4a3780_0 .net *"_s3", 0 0, L_0x55c49c4e1260;  1 drivers
v0x55c49c4a3860_0 .net *"_s5", 0 0, L_0x55c49c4e1300;  1 drivers
v0x55c49c4a3940_0 .net *"_s6", 0 0, L_0x55c49c4e13a0;  1 drivers
v0x55c49c4a3ab0_0 .net *"_s9", 0 0, L_0x55c49c4e14b0;  1 drivers
v0x55c49c4a3b90_0 .net "a", 1 0, L_0x55c49c4e1c30;  1 drivers
v0x55c49c4a3c70_0 .net "b", 1 0, L_0x55c49c4e2030;  1 drivers
v0x55c49c4a3d50_0 .net "c", 1 0, L_0x55c49c4e16b0;  1 drivers
L_0x55c49c4e1260 .part L_0x55c49c4e2030, 0, 1;
L_0x55c49c4e1300 .part L_0x55c49c4e1c30, 0, 1;
L_0x55c49c4e14b0 .part L_0x55c49c4e2030, 1, 1;
L_0x55c49c4e16b0 .concat8 [ 1 1 0 0], L_0x55c49c4e15a0, L_0x55c49c4e1b20;
L_0x55c49c4e17a0 .part L_0x55c49c4e2030, 0, 1;
L_0x55c49c4e1840 .part L_0x55c49c4e1c30, 1, 1;
L_0x55c49c4e1a80 .part L_0x55c49c4e2030, 1, 1;
S_0x55c49c4a3eb0 .scope module, "op4_2" "star" 3 50, 3 1 0, S_0x55c49c3fadd0;
 .timescale 0 0;
    .port_info 0 /INPUT 2 "a"
    .port_info 1 /INPUT 2 "b"
    .port_info 2 /OUTPUT 2 "c"
L_0x55c49c4e8540 .functor AND 1, L_0x55c49c4e8400, L_0x55c49c4e84a0, C4<1>, C4<1>;
L_0x55c49c4e8740 .functor OR 1, L_0x55c49c4e8540, L_0x55c49c4e8650, C4<0>, C4<0>;
L_0x55c49c4e8b10 .functor AND 1, L_0x55c49c4e8940, L_0x55c49c4e89e0, C4<1>, C4<1>;
L_0x55c49c4e8d50 .functor OR 1, L_0x55c49c4e8b10, L_0x55c49c4e8c20, C4<0>, C4<0>;
v0x55c49c4a4080_0 .net *"_s10", 0 0, L_0x55c49c4e8740;  1 drivers
v0x55c49c4a4180_0 .net *"_s16", 0 0, L_0x55c49c4e8940;  1 drivers
v0x55c49c4a4260_0 .net *"_s18", 0 0, L_0x55c49c4e89e0;  1 drivers
v0x55c49c4a4320_0 .net *"_s19", 0 0, L_0x55c49c4e8b10;  1 drivers
v0x55c49c4a4400_0 .net *"_s22", 0 0, L_0x55c49c4e8c20;  1 drivers
v0x55c49c4a4530_0 .net *"_s23", 0 0, L_0x55c49c4e8d50;  1 drivers
v0x55c49c4a4610_0 .net *"_s3", 0 0, L_0x55c49c4e8400;  1 drivers
v0x55c49c4a46f0_0 .net *"_s5", 0 0, L_0x55c49c4e84a0;  1 drivers
v0x55c49c4a47d0_0 .net *"_s6", 0 0, L_0x55c49c4e8540;  1 drivers
v0x55c49c4a4940_0 .net *"_s9", 0 0, L_0x55c49c4e8650;  1 drivers
v0x55c49c4a4a20_0 .net "a", 1 0, L_0x55c49c4e8e60;  1 drivers
v0x55c49c4a4b00_0 .net "b", 1 0, L_0x55c49c4e92e0;  1 drivers
v0x55c49c4a4be0_0 .net "c", 1 0, L_0x55c49c4e8850;  1 drivers
L_0x55c49c4e8400 .part L_0x55c49c4e92e0, 0, 1;
L_0x55c49c4e84a0 .part L_0x55c49c4e8e60, 0, 1;
L_0x55c49c4e8650 .part L_0x55c49c4e92e0, 1, 1;
L_0x55c49c4e8850 .concat8 [ 1 1 0 0], L_0x55c49c4e8740, L_0x55c49c4e8d50;
L_0x55c49c4e8940 .part L_0x55c49c4e92e0, 0, 1;
L_0x55c49c4e89e0 .part L_0x55c49c4e8e60, 1, 1;
L_0x55c49c4e8c20 .part L_0x55c49c4e92e0, 1, 1;
S_0x55c49c4a4d40 .scope module, "op4_3" "star" 3 57, 3 1 0, S_0x55c49c3fadd0;
 .timescale 0 0;
    .port_info 0 /INPUT 2 "a"
    .port_info 1 /INPUT 2 "b"
    .port_info 2 /OUTPUT 2 "c"
L_0x55c49c4ecf30 .functor AND 1, L_0x55c49c4ecdf0, L_0x55c49c4ece90, C4<1>, C4<1>;
L_0x55c49c4ed9b0 .functor OR 1, L_0x55c49c4ecf30, L_0x55c49c4ed040, C4<0>, C4<0>;
L_0x55c49c4edd40 .functor AND 1, L_0x55c49c4edbb0, L_0x55c49c4edc50, C4<1>, C4<1>;
L_0x55c49c4edf80 .functor OR 1, L_0x55c49c4edd40, L_0x55c49c4ede50, C4<0>, C4<0>;
v0x55c49c4a4f10_0 .net *"_s10", 0 0, L_0x55c49c4ed9b0;  1 drivers
v0x55c49c4a5010_0 .net *"_s16", 0 0, L_0x55c49c4edbb0;  1 drivers
v0x55c49c4a50f0_0 .net *"_s18", 0 0, L_0x55c49c4edc50;  1 drivers
v0x55c49c4a51b0_0 .net *"_s19", 0 0, L_0x55c49c4edd40;  1 drivers
v0x55c49c4a5290_0 .net *"_s22", 0 0, L_0x55c49c4ede50;  1 drivers
v0x55c49c4a53c0_0 .net *"_s23", 0 0, L_0x55c49c4edf80;  1 drivers
v0x55c49c4a54a0_0 .net *"_s3", 0 0, L_0x55c49c4ecdf0;  1 drivers
v0x55c49c4a5580_0 .net *"_s5", 0 0, L_0x55c49c4ece90;  1 drivers
v0x55c49c4a5660_0 .net *"_s6", 0 0, L_0x55c49c4ecf30;  1 drivers
v0x55c49c4a57d0_0 .net *"_s9", 0 0, L_0x55c49c4ed040;  1 drivers
v0x55c49c4a58b0_0 .net "a", 1 0, L_0x55c49c4ee090;  1 drivers
v0x55c49c4a5990_0 .net "b", 1 0, L_0x55c49c4ed530;  1 drivers
v0x55c49c4a5a70_0 .net "c", 1 0, L_0x55c49c4edac0;  1 drivers
L_0x55c49c4ecdf0 .part L_0x55c49c4ed530, 0, 1;
L_0x55c49c4ece90 .part L_0x55c49c4ee090, 0, 1;
L_0x55c49c4ed040 .part L_0x55c49c4ed530, 1, 1;
L_0x55c49c4edac0 .concat8 [ 1 1 0 0], L_0x55c49c4ed9b0, L_0x55c49c4edf80;
L_0x55c49c4edbb0 .part L_0x55c49c4ed530, 0, 1;
L_0x55c49c4edc50 .part L_0x55c49c4ee090, 1, 1;
L_0x55c49c4ede50 .part L_0x55c49c4ed530, 1, 1;
S_0x55c49c4a5bd0 .scope module, "op5_1" "star" 3 42, 3 1 0, S_0x55c49c3fadd0;
 .timescale 0 0;
    .port_info 0 /INPUT 2 "a"
    .port_info 1 /INPUT 2 "b"
    .port_info 2 /OUTPUT 2 "c"
L_0x55c49c4e2210 .functor AND 1, L_0x55c49c4e20d0, L_0x55c49c4e2170, C4<1>, C4<1>;
L_0x55c49c4e2410 .functor OR 1, L_0x55c49c4e2210, L_0x55c49c4e2320, C4<0>, C4<0>;
L_0x55c49c4e27e0 .functor AND 1, L_0x55c49c4e2610, L_0x55c49c4e26b0, C4<1>, C4<1>;
L_0x55c49c4e2990 .functor OR 1, L_0x55c49c4e27e0, L_0x55c49c4e28f0, C4<0>, C4<0>;
v0x55c49c4a5eb0_0 .net *"_s10", 0 0, L_0x55c49c4e2410;  1 drivers
v0x55c49c4a5fb0_0 .net *"_s16", 0 0, L_0x55c49c4e2610;  1 drivers
v0x55c49c4a6090_0 .net *"_s18", 0 0, L_0x55c49c4e26b0;  1 drivers
v0x55c49c4a6150_0 .net *"_s19", 0 0, L_0x55c49c4e27e0;  1 drivers
v0x55c49c4a6230_0 .net *"_s22", 0 0, L_0x55c49c4e28f0;  1 drivers
v0x55c49c4a6360_0 .net *"_s23", 0 0, L_0x55c49c4e2990;  1 drivers
v0x55c49c4a6440_0 .net *"_s3", 0 0, L_0x55c49c4e20d0;  1 drivers
v0x55c49c4a6520_0 .net *"_s5", 0 0, L_0x55c49c4e2170;  1 drivers
v0x55c49c4a6600_0 .net *"_s6", 0 0, L_0x55c49c4e2210;  1 drivers
v0x55c49c4a66e0_0 .net *"_s9", 0 0, L_0x55c49c4e2320;  1 drivers
v0x55c49c4a67c0_0 .net "a", 1 0, L_0x55c49c4e2aa0;  1 drivers
v0x55c49c4a68a0_0 .net "b", 1 0, L_0x55c49c4e2eb0;  1 drivers
v0x55c49c4a6980_0 .net "c", 1 0, L_0x55c49c4e2520;  1 drivers
L_0x55c49c4e20d0 .part L_0x55c49c4e2eb0, 0, 1;
L_0x55c49c4e2170 .part L_0x55c49c4e2aa0, 0, 1;
L_0x55c49c4e2320 .part L_0x55c49c4e2eb0, 1, 1;
L_0x55c49c4e2520 .concat8 [ 1 1 0 0], L_0x55c49c4e2410, L_0x55c49c4e2990;
L_0x55c49c4e2610 .part L_0x55c49c4e2eb0, 0, 1;
L_0x55c49c4e26b0 .part L_0x55c49c4e2aa0, 1, 1;
L_0x55c49c4e28f0 .part L_0x55c49c4e2eb0, 1, 1;
S_0x55c49c4a6ae0 .scope module, "op5_2" "star" 3 51, 3 1 0, S_0x55c49c3fadd0;
 .timescale 0 0;
    .port_info 0 /INPUT 2 "a"
    .port_info 1 /INPUT 2 "b"
    .port_info 2 /OUTPUT 2 "c"
L_0x55c49c4e94c0 .functor AND 1, L_0x55c49c4e9380, L_0x55c49c4e9420, C4<1>, C4<1>;
L_0x55c49c4e96c0 .functor OR 1, L_0x55c49c4e94c0, L_0x55c49c4e95d0, C4<0>, C4<0>;
L_0x55c49c4e9a90 .functor AND 1, L_0x55c49c4e98c0, L_0x55c49c4e9960, C4<1>, C4<1>;
L_0x55c49c4e9c40 .functor OR 1, L_0x55c49c4e9a90, L_0x55c49c4e9ba0, C4<0>, C4<0>;
v0x55c49c4a6cb0_0 .net *"_s10", 0 0, L_0x55c49c4e96c0;  1 drivers
v0x55c49c4a6db0_0 .net *"_s16", 0 0, L_0x55c49c4e98c0;  1 drivers
v0x55c49c4a6e90_0 .net *"_s18", 0 0, L_0x55c49c4e9960;  1 drivers
v0x55c49c4a6f50_0 .net *"_s19", 0 0, L_0x55c49c4e9a90;  1 drivers
v0x55c49c4a7030_0 .net *"_s22", 0 0, L_0x55c49c4e9ba0;  1 drivers
v0x55c49c4a7160_0 .net *"_s23", 0 0, L_0x55c49c4e9c40;  1 drivers
v0x55c49c4a7240_0 .net *"_s3", 0 0, L_0x55c49c4e9380;  1 drivers
v0x55c49c4a7320_0 .net *"_s5", 0 0, L_0x55c49c4e9420;  1 drivers
v0x55c49c4a7400_0 .net *"_s6", 0 0, L_0x55c49c4e94c0;  1 drivers
v0x55c49c4a7570_0 .net *"_s9", 0 0, L_0x55c49c4e95d0;  1 drivers
v0x55c49c4a7650_0 .net "a", 1 0, L_0x55c49c4e9d50;  1 drivers
v0x55c49c4a7730_0 .net "b", 1 0, L_0x55c49c4ea1e0;  1 drivers
v0x55c49c4a7810_0 .net "c", 1 0, L_0x55c49c4e97d0;  1 drivers
L_0x55c49c4e9380 .part L_0x55c49c4ea1e0, 0, 1;
L_0x55c49c4e9420 .part L_0x55c49c4e9d50, 0, 1;
L_0x55c49c4e95d0 .part L_0x55c49c4ea1e0, 1, 1;
L_0x55c49c4e97d0 .concat8 [ 1 1 0 0], L_0x55c49c4e96c0, L_0x55c49c4e9c40;
L_0x55c49c4e98c0 .part L_0x55c49c4ea1e0, 0, 1;
L_0x55c49c4e9960 .part L_0x55c49c4e9d50, 1, 1;
L_0x55c49c4e9ba0 .part L_0x55c49c4ea1e0, 1, 1;
S_0x55c49c4a7970 .scope module, "op5_3" "star" 3 58, 3 1 0, S_0x55c49c3fadd0;
 .timescale 0 0;
    .port_info 0 /INPUT 2 "a"
    .port_info 1 /INPUT 2 "b"
    .port_info 2 /OUTPUT 2 "c"
L_0x55c49c4ed7a0 .functor AND 1, L_0x55c49c4ed660, L_0x55c49c4ed700, C4<1>, C4<1>;
L_0x55c49c4ee570 .functor OR 1, L_0x55c49c4ed7a0, L_0x55c49c4ed860, C4<0>, C4<0>;
L_0x55c49c4ee940 .functor AND 1, L_0x55c49c4ee770, L_0x55c49c4ee810, C4<1>, C4<1>;
L_0x55c49c4eeb80 .functor OR 1, L_0x55c49c4ee940, L_0x55c49c4eea50, C4<0>, C4<0>;
v0x55c49c4a7b40_0 .net *"_s10", 0 0, L_0x55c49c4ee570;  1 drivers
v0x55c49c4a7c40_0 .net *"_s16", 0 0, L_0x55c49c4ee770;  1 drivers
v0x55c49c4a7d20_0 .net *"_s18", 0 0, L_0x55c49c4ee810;  1 drivers
v0x55c49c4a7de0_0 .net *"_s19", 0 0, L_0x55c49c4ee940;  1 drivers
v0x55c49c4a7ec0_0 .net *"_s22", 0 0, L_0x55c49c4eea50;  1 drivers
v0x55c49c4a7ff0_0 .net *"_s23", 0 0, L_0x55c49c4eeb80;  1 drivers
v0x55c49c4a80d0_0 .net *"_s3", 0 0, L_0x55c49c4ed660;  1 drivers
v0x55c49c4a81b0_0 .net *"_s5", 0 0, L_0x55c49c4ed700;  1 drivers
v0x55c49c4a8290_0 .net *"_s6", 0 0, L_0x55c49c4ed7a0;  1 drivers
v0x55c49c4a8400_0 .net *"_s9", 0 0, L_0x55c49c4ed860;  1 drivers
v0x55c49c4a84e0_0 .net "a", 1 0, L_0x55c49c4eece0;  1 drivers
v0x55c49c4a85c0_0 .net "b", 1 0, L_0x55c49c4ee130;  1 drivers
v0x55c49c4a86a0_0 .net "c", 1 0, L_0x55c49c4ee680;  1 drivers
L_0x55c49c4ed660 .part L_0x55c49c4ee130, 0, 1;
L_0x55c49c4ed700 .part L_0x55c49c4eece0, 0, 1;
L_0x55c49c4ed860 .part L_0x55c49c4ee130, 1, 1;
L_0x55c49c4ee680 .concat8 [ 1 1 0 0], L_0x55c49c4ee570, L_0x55c49c4eeb80;
L_0x55c49c4ee770 .part L_0x55c49c4ee130, 0, 1;
L_0x55c49c4ee810 .part L_0x55c49c4eece0, 1, 1;
L_0x55c49c4eea50 .part L_0x55c49c4ee130, 1, 1;
S_0x55c49c4a8800 .scope module, "op6_1" "star" 3 43, 3 1 0, S_0x55c49c3fadd0;
 .timescale 0 0;
    .port_info 0 /INPUT 2 "a"
    .port_info 1 /INPUT 2 "b"
    .port_info 2 /OUTPUT 2 "c"
L_0x55c49c4e3090 .functor AND 1, L_0x55c49c4e2f50, L_0x55c49c4e2ff0, C4<1>, C4<1>;
L_0x55c49c4e3290 .functor OR 1, L_0x55c49c4e3090, L_0x55c49c4e31a0, C4<0>, C4<0>;
L_0x55c49c4e3660 .functor AND 1, L_0x55c49c4e3490, L_0x55c49c4e3530, C4<1>, C4<1>;
L_0x55c49c4e38a0 .functor OR 1, L_0x55c49c4e3660, L_0x55c49c4e3770, C4<0>, C4<0>;
v0x55c49c4a89d0_0 .net *"_s10", 0 0, L_0x55c49c4e3290;  1 drivers
v0x55c49c4a8ad0_0 .net *"_s16", 0 0, L_0x55c49c4e3490;  1 drivers
v0x55c49c4a8bb0_0 .net *"_s18", 0 0, L_0x55c49c4e3530;  1 drivers
v0x55c49c4a8c70_0 .net *"_s19", 0 0, L_0x55c49c4e3660;  1 drivers
v0x55c49c4a8d50_0 .net *"_s22", 0 0, L_0x55c49c4e3770;  1 drivers
v0x55c49c4a8e80_0 .net *"_s23", 0 0, L_0x55c49c4e38a0;  1 drivers
v0x55c49c4a8f60_0 .net *"_s3", 0 0, L_0x55c49c4e2f50;  1 drivers
v0x55c49c4a9040_0 .net *"_s5", 0 0, L_0x55c49c4e2ff0;  1 drivers
v0x55c49c4a9120_0 .net *"_s6", 0 0, L_0x55c49c4e3090;  1 drivers
v0x55c49c4a9290_0 .net *"_s9", 0 0, L_0x55c49c4e31a0;  1 drivers
v0x55c49c4a9370_0 .net "a", 1 0, L_0x55c49c4e39b0;  1 drivers
v0x55c49c4a9450_0 .net "b", 1 0, L_0x55c49c4e3dd0;  1 drivers
v0x55c49c4a9530_0 .net "c", 1 0, L_0x55c49c4e33a0;  1 drivers
L_0x55c49c4e2f50 .part L_0x55c49c4e3dd0, 0, 1;
L_0x55c49c4e2ff0 .part L_0x55c49c4e39b0, 0, 1;
L_0x55c49c4e31a0 .part L_0x55c49c4e3dd0, 1, 1;
L_0x55c49c4e33a0 .concat8 [ 1 1 0 0], L_0x55c49c4e3290, L_0x55c49c4e38a0;
L_0x55c49c4e3490 .part L_0x55c49c4e3dd0, 0, 1;
L_0x55c49c4e3530 .part L_0x55c49c4e39b0, 1, 1;
L_0x55c49c4e3770 .part L_0x55c49c4e3dd0, 1, 1;
S_0x55c49c4a9690 .scope module, "op6_2" "star" 3 52, 3 1 0, S_0x55c49c3fadd0;
 .timescale 0 0;
    .port_info 0 /INPUT 2 "a"
    .port_info 1 /INPUT 2 "b"
    .port_info 2 /OUTPUT 2 "c"
L_0x55c49c4ea3c0 .functor AND 1, L_0x55c49c4ea280, L_0x55c49c4ea320, C4<1>, C4<1>;
L_0x55c49c4ea5c0 .functor OR 1, L_0x55c49c4ea3c0, L_0x55c49c4ea4d0, C4<0>, C4<0>;
L_0x55c49c4ea990 .functor AND 1, L_0x55c49c4ea7c0, L_0x55c49c4ea860, C4<1>, C4<1>;
L_0x55c49c4eabd0 .functor OR 1, L_0x55c49c4ea990, L_0x55c49c4eaaa0, C4<0>, C4<0>;
v0x55c49c4a9860_0 .net *"_s10", 0 0, L_0x55c49c4ea5c0;  1 drivers
v0x55c49c4a9960_0 .net *"_s16", 0 0, L_0x55c49c4ea7c0;  1 drivers
v0x55c49c4a9a40_0 .net *"_s18", 0 0, L_0x55c49c4ea860;  1 drivers
v0x55c49c4a9b00_0 .net *"_s19", 0 0, L_0x55c49c4ea990;  1 drivers
v0x55c49c4a9be0_0 .net *"_s22", 0 0, L_0x55c49c4eaaa0;  1 drivers
v0x55c49c4a9d10_0 .net *"_s23", 0 0, L_0x55c49c4eabd0;  1 drivers
v0x55c49c4a9df0_0 .net *"_s3", 0 0, L_0x55c49c4ea280;  1 drivers
v0x55c49c4a9ed0_0 .net *"_s5", 0 0, L_0x55c49c4ea320;  1 drivers
v0x55c49c4a9fb0_0 .net *"_s6", 0 0, L_0x55c49c4ea3c0;  1 drivers
v0x55c49c4aa120_0 .net *"_s9", 0 0, L_0x55c49c4ea4d0;  1 drivers
v0x55c49c4aa200_0 .net "a", 1 0, L_0x55c49c4eace0;  1 drivers
v0x55c49c4aa2e0_0 .net "b", 1 0, L_0x55c49c4eb180;  1 drivers
v0x55c49c4aa3c0_0 .net "c", 1 0, L_0x55c49c4ea6d0;  1 drivers
L_0x55c49c4ea280 .part L_0x55c49c4eb180, 0, 1;
L_0x55c49c4ea320 .part L_0x55c49c4eace0, 0, 1;
L_0x55c49c4ea4d0 .part L_0x55c49c4eb180, 1, 1;
L_0x55c49c4ea6d0 .concat8 [ 1 1 0 0], L_0x55c49c4ea5c0, L_0x55c49c4eabd0;
L_0x55c49c4ea7c0 .part L_0x55c49c4eb180, 0, 1;
L_0x55c49c4ea860 .part L_0x55c49c4eace0, 1, 1;
L_0x55c49c4eaaa0 .part L_0x55c49c4eb180, 1, 1;
S_0x55c49c4aa520 .scope module, "op6_3" "star" 3 59, 3 1 0, S_0x55c49c3fadd0;
 .timescale 0 0;
    .port_info 0 /INPUT 2 "a"
    .port_info 1 /INPUT 2 "b"
    .port_info 2 /OUTPUT 2 "c"
L_0x55c49c4ee310 .functor AND 1, L_0x55c49c4ee1d0, L_0x55c49c4ee270, C4<1>, C4<1>;
L_0x55c49c4ef1d0 .functor OR 1, L_0x55c49c4ee310, L_0x55c49c4ee420, C4<0>, C4<0>;
L_0x55c49c4ef550 .functor AND 1, L_0x55c49c4ef380, L_0x55c49c4ef420, C4<1>, C4<1>;
L_0x55c49c4ef790 .functor OR 1, L_0x55c49c4ef550, L_0x55c49c4ef660, C4<0>, C4<0>;
v0x55c49c4aa6f0_0 .net *"_s10", 0 0, L_0x55c49c4ef1d0;  1 drivers
v0x55c49c4aa7f0_0 .net *"_s16", 0 0, L_0x55c49c4ef380;  1 drivers
v0x55c49c4aa8d0_0 .net *"_s18", 0 0, L_0x55c49c4ef420;  1 drivers
v0x55c49c4aa990_0 .net *"_s19", 0 0, L_0x55c49c4ef550;  1 drivers
v0x55c49c4aaa70_0 .net *"_s22", 0 0, L_0x55c49c4ef660;  1 drivers
v0x55c49c4aaba0_0 .net *"_s23", 0 0, L_0x55c49c4ef790;  1 drivers
v0x55c49c4aac80_0 .net *"_s3", 0 0, L_0x55c49c4ee1d0;  1 drivers
v0x55c49c4aad60_0 .net *"_s5", 0 0, L_0x55c49c4ee270;  1 drivers
v0x55c49c4aae40_0 .net *"_s6", 0 0, L_0x55c49c4ee310;  1 drivers
v0x55c49c4aafb0_0 .net *"_s9", 0 0, L_0x55c49c4ee420;  1 drivers
v0x55c49c4ab090_0 .net "a", 1 0, L_0x55c49c4ef8a0;  1 drivers
v0x55c49c4ab170_0 .net "b", 1 0, L_0x55c49c4eed80;  1 drivers
v0x55c49c4ab250_0 .net "c", 1 0, L_0x55c49c4ef290;  1 drivers
L_0x55c49c4ee1d0 .part L_0x55c49c4eed80, 0, 1;
L_0x55c49c4ee270 .part L_0x55c49c4ef8a0, 0, 1;
L_0x55c49c4ee420 .part L_0x55c49c4eed80, 1, 1;
L_0x55c49c4ef290 .concat8 [ 1 1 0 0], L_0x55c49c4ef1d0, L_0x55c49c4ef790;
L_0x55c49c4ef380 .part L_0x55c49c4eed80, 0, 1;
L_0x55c49c4ef420 .part L_0x55c49c4ef8a0, 1, 1;
L_0x55c49c4ef660 .part L_0x55c49c4eed80, 1, 1;
S_0x55c49c4ab3b0 .scope module, "op7_1" "star" 3 44, 3 1 0, S_0x55c49c3fadd0;
 .timescale 0 0;
    .port_info 0 /INPUT 2 "a"
    .port_info 1 /INPUT 2 "b"
    .port_info 2 /OUTPUT 2 "c"
L_0x55c49c4e3fb0 .functor AND 1, L_0x55c49c4e3e70, L_0x55c49c4e3f10, C4<1>, C4<1>;
L_0x55c49c4e41b0 .functor OR 1, L_0x55c49c4e3fb0, L_0x55c49c4e40c0, C4<0>, C4<0>;
L_0x55c49c4e4580 .functor AND 1, L_0x55c49c4e43b0, L_0x55c49c4e4450, C4<1>, C4<1>;
L_0x55c49c4e47c0 .functor OR 1, L_0x55c49c4e4580, L_0x55c49c4e4690, C4<0>, C4<0>;
v0x55c49c4ab580_0 .net *"_s10", 0 0, L_0x55c49c4e41b0;  1 drivers
v0x55c49c4ab680_0 .net *"_s16", 0 0, L_0x55c49c4e43b0;  1 drivers
v0x55c49c4ab760_0 .net *"_s18", 0 0, L_0x55c49c4e4450;  1 drivers
v0x55c49c4ab820_0 .net *"_s19", 0 0, L_0x55c49c4e4580;  1 drivers
v0x55c49c4ab900_0 .net *"_s22", 0 0, L_0x55c49c4e4690;  1 drivers
v0x55c49c4aba30_0 .net *"_s23", 0 0, L_0x55c49c4e47c0;  1 drivers
v0x55c49c4abb10_0 .net *"_s3", 0 0, L_0x55c49c4e3e70;  1 drivers
v0x55c49c4abbf0_0 .net *"_s5", 0 0, L_0x55c49c4e3f10;  1 drivers
v0x55c49c4abcd0_0 .net *"_s6", 0 0, L_0x55c49c4e3fb0;  1 drivers
v0x55c49c4abe40_0 .net *"_s9", 0 0, L_0x55c49c4e40c0;  1 drivers
v0x55c49c4abf20_0 .net "a", 1 0, L_0x55c49c4e48d0;  1 drivers
v0x55c49c4ac000_0 .net "b", 1 0, L_0x55c49c4e4d00;  1 drivers
v0x55c49c4ac0e0_0 .net "c", 1 0, L_0x55c49c4e42c0;  1 drivers
L_0x55c49c4e3e70 .part L_0x55c49c4e4d00, 0, 1;
L_0x55c49c4e3f10 .part L_0x55c49c4e48d0, 0, 1;
L_0x55c49c4e40c0 .part L_0x55c49c4e4d00, 1, 1;
L_0x55c49c4e42c0 .concat8 [ 1 1 0 0], L_0x55c49c4e41b0, L_0x55c49c4e47c0;
L_0x55c49c4e43b0 .part L_0x55c49c4e4d00, 0, 1;
L_0x55c49c4e4450 .part L_0x55c49c4e48d0, 1, 1;
L_0x55c49c4e4690 .part L_0x55c49c4e4d00, 1, 1;
S_0x55c49c4ac240 .scope module, "op7_2" "star" 3 53, 3 1 0, S_0x55c49c3fadd0;
 .timescale 0 0;
    .port_info 0 /INPUT 2 "a"
    .port_info 1 /INPUT 2 "b"
    .port_info 2 /OUTPUT 2 "c"
L_0x55c49c4eb360 .functor AND 1, L_0x55c49c4eb220, L_0x55c49c4eb2c0, C4<1>, C4<1>;
L_0x55c49c4eb560 .functor OR 1, L_0x55c49c4eb360, L_0x55c49c4eb470, C4<0>, C4<0>;
L_0x55c49c4eb930 .functor AND 1, L_0x55c49c4eb760, L_0x55c49c4eb800, C4<1>, C4<1>;
L_0x55c49c4ebb70 .functor OR 1, L_0x55c49c4eb930, L_0x55c49c4eba40, C4<0>, C4<0>;
v0x55c49c4ac410_0 .net *"_s10", 0 0, L_0x55c49c4eb560;  1 drivers
v0x55c49c4ac510_0 .net *"_s16", 0 0, L_0x55c49c4eb760;  1 drivers
v0x55c49c4ac5f0_0 .net *"_s18", 0 0, L_0x55c49c4eb800;  1 drivers
v0x55c49c4ac6b0_0 .net *"_s19", 0 0, L_0x55c49c4eb930;  1 drivers
v0x55c49c4ac790_0 .net *"_s22", 0 0, L_0x55c49c4eba40;  1 drivers
v0x55c49c4ac8c0_0 .net *"_s23", 0 0, L_0x55c49c4ebb70;  1 drivers
v0x55c49c4ac9a0_0 .net *"_s3", 0 0, L_0x55c49c4eb220;  1 drivers
v0x55c49c4aca80_0 .net *"_s5", 0 0, L_0x55c49c4eb2c0;  1 drivers
v0x55c49c4acb60_0 .net *"_s6", 0 0, L_0x55c49c4eb360;  1 drivers
v0x55c49c4accd0_0 .net *"_s9", 0 0, L_0x55c49c4eb470;  1 drivers
v0x55c49c4acdb0_0 .net "a", 1 0, L_0x55c49c4ebc80;  1 drivers
v0x55c49c4ace90_0 .net "b", 1 0, L_0x55c49c4ec130;  1 drivers
v0x55c49c4acf70_0 .net "c", 1 0, L_0x55c49c4eb670;  1 drivers
L_0x55c49c4eb220 .part L_0x55c49c4ec130, 0, 1;
L_0x55c49c4eb2c0 .part L_0x55c49c4ebc80, 0, 1;
L_0x55c49c4eb470 .part L_0x55c49c4ec130, 1, 1;
L_0x55c49c4eb670 .concat8 [ 1 1 0 0], L_0x55c49c4eb560, L_0x55c49c4ebb70;
L_0x55c49c4eb760 .part L_0x55c49c4ec130, 0, 1;
L_0x55c49c4eb800 .part L_0x55c49c4ebc80, 1, 1;
L_0x55c49c4eba40 .part L_0x55c49c4ec130, 1, 1;
S_0x55c49c4ad0d0 .scope module, "op7_3" "star" 3 60, 3 1 0, S_0x55c49c3fadd0;
 .timescale 0 0;
    .port_info 0 /INPUT 2 "a"
    .port_info 1 /INPUT 2 "b"
    .port_info 2 /OUTPUT 2 "c"
L_0x55c49c4eef60 .functor AND 1, L_0x55c49c4eee20, L_0x55c49c4eeec0, C4<1>, C4<1>;
L_0x55c49c4ef160 .functor OR 1, L_0x55c49c4eef60, L_0x55c49c4ef070, C4<0>, C4<0>;
L_0x55c49c4f0100 .functor AND 1, L_0x55c49c4eff30, L_0x55c49c4effd0, C4<1>, C4<1>;
L_0x55c49c4f02b0 .functor OR 1, L_0x55c49c4f0100, L_0x55c49c4f0210, C4<0>, C4<0>;
v0x55c49c4ad2a0_0 .net *"_s10", 0 0, L_0x55c49c4ef160;  1 drivers
v0x55c49c4ad3a0_0 .net *"_s16", 0 0, L_0x55c49c4eff30;  1 drivers
v0x55c49c4ad480_0 .net *"_s18", 0 0, L_0x55c49c4effd0;  1 drivers
v0x55c49c4ad540_0 .net *"_s19", 0 0, L_0x55c49c4f0100;  1 drivers
v0x55c49c4ad620_0 .net *"_s22", 0 0, L_0x55c49c4f0210;  1 drivers
v0x55c49c4ad750_0 .net *"_s23", 0 0, L_0x55c49c4f02b0;  1 drivers
v0x55c49c4ad830_0 .net *"_s3", 0 0, L_0x55c49c4eee20;  1 drivers
v0x55c49c4ad910_0 .net *"_s5", 0 0, L_0x55c49c4eeec0;  1 drivers
v0x55c49c4ad9f0_0 .net *"_s6", 0 0, L_0x55c49c4eef60;  1 drivers
v0x55c49c4adb60_0 .net *"_s9", 0 0, L_0x55c49c4ef070;  1 drivers
v0x55c49c4adc40_0 .net "a", 1 0, L_0x55c49c4f03f0;  1 drivers
v0x55c49c4add20_0 .net "b", 1 0, L_0x55c49c4ef940;  1 drivers
v0x55c49c4ade00_0 .net "c", 1 0, L_0x55c49c4efe40;  1 drivers
L_0x55c49c4eee20 .part L_0x55c49c4ef940, 0, 1;
L_0x55c49c4eeec0 .part L_0x55c49c4f03f0, 0, 1;
L_0x55c49c4ef070 .part L_0x55c49c4ef940, 1, 1;
L_0x55c49c4efe40 .concat8 [ 1 1 0 0], L_0x55c49c4ef160, L_0x55c49c4f02b0;
L_0x55c49c4eff30 .part L_0x55c49c4ef940, 0, 1;
L_0x55c49c4effd0 .part L_0x55c49c4f03f0, 1, 1;
L_0x55c49c4f0210 .part L_0x55c49c4ef940, 1, 1;
S_0x55c49c4adf60 .scope module, "op8_1" "star" 3 45, 3 1 0, S_0x55c49c3fadd0;
 .timescale 0 0;
    .port_info 0 /INPUT 2 "a"
    .port_info 1 /INPUT 2 "b"
    .port_info 2 /OUTPUT 2 "c"
L_0x55c49c4e4ee0 .functor AND 1, L_0x55c49c4e4da0, L_0x55c49c4e4e40, C4<1>, C4<1>;
L_0x55c49c4e50e0 .functor OR 1, L_0x55c49c4e4ee0, L_0x55c49c4e4ff0, C4<0>, C4<0>;
L_0x55c49c4e54b0 .functor AND 1, L_0x55c49c4e52e0, L_0x55c49c4e5380, C4<1>, C4<1>;
L_0x55c49c4e56f0 .functor OR 1, L_0x55c49c4e54b0, L_0x55c49c4e55c0, C4<0>, C4<0>;
v0x55c49c4ae130_0 .net *"_s10", 0 0, L_0x55c49c4e50e0;  1 drivers
v0x55c49c4ae230_0 .net *"_s16", 0 0, L_0x55c49c4e52e0;  1 drivers
v0x55c49c4ae310_0 .net *"_s18", 0 0, L_0x55c49c4e5380;  1 drivers
v0x55c49c4ae3d0_0 .net *"_s19", 0 0, L_0x55c49c4e54b0;  1 drivers
v0x55c49c4ae4b0_0 .net *"_s22", 0 0, L_0x55c49c4e55c0;  1 drivers
v0x55c49c4ae5e0_0 .net *"_s23", 0 0, L_0x55c49c4e56f0;  1 drivers
v0x55c49c4ae6c0_0 .net *"_s3", 0 0, L_0x55c49c4e4da0;  1 drivers
v0x55c49c4ae7a0_0 .net *"_s5", 0 0, L_0x55c49c4e4e40;  1 drivers
v0x55c49c4ae880_0 .net *"_s6", 0 0, L_0x55c49c4e4ee0;  1 drivers
v0x55c49c4ae9f0_0 .net *"_s9", 0 0, L_0x55c49c4e4ff0;  1 drivers
v0x55c49c4aead0_0 .net "a", 1 0, L_0x55c49c4e5800;  1 drivers
v0x55c49c4aebb0_0 .net "b", 1 0, L_0x55c49c4e5c40;  1 drivers
v0x55c49c4aec90_0 .net "c", 1 0, L_0x55c49c4e51f0;  1 drivers
L_0x55c49c4e4da0 .part L_0x55c49c4e5c40, 0, 1;
L_0x55c49c4e4e40 .part L_0x55c49c4e5800, 0, 1;
L_0x55c49c4e4ff0 .part L_0x55c49c4e5c40, 1, 1;
L_0x55c49c4e51f0 .concat8 [ 1 1 0 0], L_0x55c49c4e50e0, L_0x55c49c4e56f0;
L_0x55c49c4e52e0 .part L_0x55c49c4e5c40, 0, 1;
L_0x55c49c4e5380 .part L_0x55c49c4e5800, 1, 1;
L_0x55c49c4e55c0 .part L_0x55c49c4e5c40, 1, 1;
S_0x55c49c4aedf0 .scope module, "op8_2" "star" 3 54, 3 1 0, S_0x55c49c3fadd0;
 .timescale 0 0;
    .port_info 0 /INPUT 2 "a"
    .port_info 1 /INPUT 2 "b"
    .port_info 2 /OUTPUT 2 "c"
L_0x55c49c4ec310 .functor AND 1, L_0x55c49c4ec1d0, L_0x55c49c4ec270, C4<1>, C4<1>;
L_0x55c49c4ec510 .functor OR 1, L_0x55c49c4ec310, L_0x55c49c4ec420, C4<0>, C4<0>;
L_0x55c49c4ec8e0 .functor AND 1, L_0x55c49c4ec710, L_0x55c49c4ec7b0, C4<1>, C4<1>;
L_0x55c49c4ecb20 .functor OR 1, L_0x55c49c4ec8e0, L_0x55c49c4ec9f0, C4<0>, C4<0>;
v0x55c49c4aefc0_0 .net *"_s10", 0 0, L_0x55c49c4ec510;  1 drivers
v0x55c49c4af0c0_0 .net *"_s16", 0 0, L_0x55c49c4ec710;  1 drivers
v0x55c49c4af1a0_0 .net *"_s18", 0 0, L_0x55c49c4ec7b0;  1 drivers
v0x55c49c4af260_0 .net *"_s19", 0 0, L_0x55c49c4ec8e0;  1 drivers
v0x55c49c4af340_0 .net *"_s22", 0 0, L_0x55c49c4ec9f0;  1 drivers
v0x55c49c4af470_0 .net *"_s23", 0 0, L_0x55c49c4ecb20;  1 drivers
v0x55c49c4af550_0 .net *"_s3", 0 0, L_0x55c49c4ec1d0;  1 drivers
v0x55c49c4af630_0 .net *"_s5", 0 0, L_0x55c49c4ec270;  1 drivers
v0x55c49c4af710_0 .net *"_s6", 0 0, L_0x55c49c4ec310;  1 drivers
v0x55c49c4af880_0 .net *"_s9", 0 0, L_0x55c49c4ec420;  1 drivers
v0x55c49c4af960_0 .net "a", 1 0, L_0x55c49c4ecc60;  1 drivers
v0x55c49c4afa40_0 .net "b", 1 0, L_0x55c49c4ed120;  1 drivers
v0x55c49c4afb20_0 .net "c", 1 0, L_0x55c49c4ec620;  1 drivers
L_0x55c49c4ec1d0 .part L_0x55c49c4ed120, 0, 1;
L_0x55c49c4ec270 .part L_0x55c49c4ecc60, 0, 1;
L_0x55c49c4ec420 .part L_0x55c49c4ed120, 1, 1;
L_0x55c49c4ec620 .concat8 [ 1 1 0 0], L_0x55c49c4ec510, L_0x55c49c4ecb20;
L_0x55c49c4ec710 .part L_0x55c49c4ed120, 0, 1;
L_0x55c49c4ec7b0 .part L_0x55c49c4ecc60, 1, 1;
L_0x55c49c4ec9f0 .part L_0x55c49c4ed120, 1, 1;
S_0x55c49c4afc80 .scope module, "op8_3" "star" 3 61, 3 1 0, S_0x55c49c3fadd0;
 .timescale 0 0;
    .port_info 0 /INPUT 2 "a"
    .port_info 1 /INPUT 2 "b"
    .port_info 2 /OUTPUT 2 "c"
L_0x55c49c4efb20 .functor AND 1, L_0x55c49c4ef9e0, L_0x55c49c4efa80, C4<1>, C4<1>;
L_0x55c49c4efd20 .functor OR 1, L_0x55c49c4efb20, L_0x55c49c4efc30, C4<0>, C4<0>;
L_0x55c49c4f0c90 .functor AND 1, L_0x55c49c4f0ac0, L_0x55c49c4f0b60, C4<1>, C4<1>;
L_0x55c49c4f0ed0 .functor OR 1, L_0x55c49c4f0c90, L_0x55c49c4f0da0, C4<0>, C4<0>;
v0x55c49c4afe50_0 .net *"_s10", 0 0, L_0x55c49c4efd20;  1 drivers
v0x55c49c4aff50_0 .net *"_s16", 0 0, L_0x55c49c4f0ac0;  1 drivers
v0x55c49c4b0030_0 .net *"_s18", 0 0, L_0x55c49c4f0b60;  1 drivers
v0x55c49c4b00f0_0 .net *"_s19", 0 0, L_0x55c49c4f0c90;  1 drivers
v0x55c49c4b01d0_0 .net *"_s22", 0 0, L_0x55c49c4f0da0;  1 drivers
v0x55c49c4b0300_0 .net *"_s23", 0 0, L_0x55c49c4f0ed0;  1 drivers
v0x55c49c4b03e0_0 .net *"_s3", 0 0, L_0x55c49c4ef9e0;  1 drivers
v0x55c49c4b04c0_0 .net *"_s5", 0 0, L_0x55c49c4efa80;  1 drivers
v0x55c49c4b05a0_0 .net *"_s6", 0 0, L_0x55c49c4efb20;  1 drivers
v0x55c49c4b0710_0 .net *"_s9", 0 0, L_0x55c49c4efc30;  1 drivers
v0x55c49c4b07f0_0 .net "a", 1 0, L_0x55c49c4f1010;  1 drivers
v0x55c49c4b08d0_0 .net "b", 1 0, L_0x55c49c4f0490;  1 drivers
v0x55c49c4b09b0_0 .net "c", 1 0, L_0x55c49c4f09a0;  1 drivers
L_0x55c49c4ef9e0 .part L_0x55c49c4f0490, 0, 1;
L_0x55c49c4efa80 .part L_0x55c49c4f1010, 0, 1;
L_0x55c49c4efc30 .part L_0x55c49c4f0490, 1, 1;
L_0x55c49c4f09a0 .concat8 [ 1 1 0 0], L_0x55c49c4efd20, L_0x55c49c4f0ed0;
L_0x55c49c4f0ac0 .part L_0x55c49c4f0490, 0, 1;
L_0x55c49c4f0b60 .part L_0x55c49c4f1010, 1, 1;
L_0x55c49c4f0da0 .part L_0x55c49c4f0490, 1, 1;
S_0x55c49c4b0b10 .scope module, "op8_4" "star" 3 64, 3 1 0, S_0x55c49c3fadd0;
 .timescale 0 0;
    .port_info 0 /INPUT 2 "a"
    .port_info 1 /INPUT 2 "b"
    .port_info 2 /OUTPUT 2 "c"
L_0x55c49c4f11f0 .functor AND 1, L_0x55c49c4f10b0, L_0x55c49c4f1150, C4<1>, C4<1>;
L_0x55c49c4f13f0 .functor OR 1, L_0x55c49c4f11f0, L_0x55c49c4f1300, C4<0>, C4<0>;
L_0x55c49c4f1d00 .functor AND 1, L_0x55c49c4f1b70, L_0x55c49c4f1c10, C4<1>, C4<1>;
L_0x55c49c4f1f40 .functor OR 1, L_0x55c49c4f1d00, L_0x55c49c4f1e10, C4<0>, C4<0>;
v0x55c49c4b0ce0_0 .net *"_s10", 0 0, L_0x55c49c4f13f0;  1 drivers
v0x55c49c4b0de0_0 .net *"_s16", 0 0, L_0x55c49c4f1b70;  1 drivers
v0x55c49c4b0ec0_0 .net *"_s18", 0 0, L_0x55c49c4f1c10;  1 drivers
v0x55c49c4b0f80_0 .net *"_s19", 0 0, L_0x55c49c4f1d00;  1 drivers
v0x55c49c4b1060_0 .net *"_s22", 0 0, L_0x55c49c4f1e10;  1 drivers
v0x55c49c4b1190_0 .net *"_s23", 0 0, L_0x55c49c4f1f40;  1 drivers
v0x55c49c4b1270_0 .net *"_s3", 0 0, L_0x55c49c4f10b0;  1 drivers
v0x55c49c4b1350_0 .net *"_s5", 0 0, L_0x55c49c4f1150;  1 drivers
v0x55c49c4b1430_0 .net *"_s6", 0 0, L_0x55c49c4f11f0;  1 drivers
v0x55c49c4b15a0_0 .net *"_s9", 0 0, L_0x55c49c4f1300;  1 drivers
v0x55c49c4b1680_0 .net "a", 1 0, L_0x55c49c4f2050;  1 drivers
v0x55c49c4b1760_0 .net "b", 1 0, L_0x55c49c4f20f0;  1 drivers
v0x55c49c4b1840_0 .net "c", 1 0, L_0x55c49c4f1a80;  1 drivers
L_0x55c49c4f10b0 .part L_0x55c49c4f20f0, 0, 1;
L_0x55c49c4f1150 .part L_0x55c49c4f2050, 0, 1;
L_0x55c49c4f1300 .part L_0x55c49c4f20f0, 1, 1;
L_0x55c49c4f1a80 .concat8 [ 1 1 0 0], L_0x55c49c4f13f0, L_0x55c49c4f1f40;
L_0x55c49c4f1b70 .part L_0x55c49c4f20f0, 0, 1;
L_0x55c49c4f1c10 .part L_0x55c49c4f2050, 1, 1;
L_0x55c49c4f1e10 .part L_0x55c49c4f20f0, 1, 1;
S_0x55c49c4bcff0 .scope module, "fa1_1" "fa1" 2 38, 2 65 0, S_0x55c49c488cc0;
 .timescale 0 0;
    .port_info 0 /INPUT 1 "a"
    .port_info 1 /INPUT 1 "b"
    .port_info 2 /INPUT 1 "cin"
    .port_info 3 /OUTPUT 1 "s"
    .port_info 4 /OUTPUT 1 "cout"
L_0x55c49c4c9320 .functor XOR 1, L_0x55c49c4c6160, L_0x55c49c4c6a00, C4<0>, C4<0>;
L_0x55c49c4c9390 .functor XOR 1, L_0x55c49c4c9320, L_0x55c49c4c74c0, C4<0>, C4<0>;
L_0x55c49c4c9400 .functor AND 1, L_0x55c49c4c6160, L_0x55c49c4c6a00, C4<1>, C4<1>;
L_0x55c49c4c9500 .functor AND 1, L_0x55c49c4c6a00, L_0x55c49c4c74c0, C4<1>, C4<1>;
L_0x55c49c4c9600 .functor OR 1, L_0x55c49c4c9400, L_0x55c49c4c9500, C4<0>, C4<0>;
L_0x55c49c4c9670 .functor AND 1, L_0x55c49c4c74c0, L_0x55c49c4c6160, C4<1>, C4<1>;
L_0x55c49c4c96e0 .functor OR 1, L_0x55c49c4c9600, L_0x55c49c4c9670, C4<0>, C4<0>;
v0x55c49c4bd210_0 .net *"_s0", 0 0, L_0x55c49c4c9320;  1 drivers
v0x55c49c4bd2f0_0 .net *"_s10", 0 0, L_0x55c49c4c9670;  1 drivers
v0x55c49c4bd3d0_0 .net *"_s4", 0 0, L_0x55c49c4c9400;  1 drivers
v0x55c49c4bd4c0_0 .net *"_s6", 0 0, L_0x55c49c4c9500;  1 drivers
v0x55c49c4bd5a0_0 .net *"_s8", 0 0, L_0x55c49c4c9600;  1 drivers
v0x55c49c4bd6d0_0 .net "a", 0 0, L_0x55c49c4c6160;  alias, 1 drivers
v0x55c49c4bd790_0 .net "b", 0 0, L_0x55c49c4c6a00;  alias, 1 drivers
v0x55c49c4bd850_0 .net "cin", 0 0, L_0x55c49c4c74c0;  alias, 1 drivers
v0x55c49c4bd910_0 .net "cout", 0 0, L_0x55c49c4c96e0;  alias, 1 drivers
v0x55c49c4bd9d0_0 .net "s", 0 0, L_0x55c49c4c9390;  alias, 1 drivers
S_0x55c49c4bdb30 .scope module, "fa2_1" "fa1" 2 40, 2 65 0, S_0x55c49c488cc0;
 .timescale 0 0;
    .port_info 0 /INPUT 1 "a"
    .port_info 1 /INPUT 1 "b"
    .port_info 2 /INPUT 1 "cin"
    .port_info 3 /OUTPUT 1 "s"
    .port_info 4 /OUTPUT 1 "cout"
L_0x55c49c4c97a0 .functor XOR 1, L_0x55c49c4c64e0, L_0x55c49c4c6990, C4<0>, C4<0>;
L_0x55c49c4c9810 .functor XOR 1, L_0x55c49c4c97a0, L_0x55c49c4c7810, C4<0>, C4<0>;
L_0x55c49c4c98d0 .functor AND 1, L_0x55c49c4c64e0, L_0x55c49c4c6990, C4<1>, C4<1>;
L_0x55c49c4c9a60 .functor AND 1, L_0x55c49c4c6990, L_0x55c49c4c7810, C4<1>, C4<1>;
L_0x55c49c4c9b60 .functor OR 1, L_0x55c49c4c98d0, L_0x55c49c4c9a60, C4<0>, C4<0>;
L_0x55c49c4c9bd0 .functor AND 1, L_0x55c49c4c7810, L_0x55c49c4c64e0, C4<1>, C4<1>;
L_0x55c49c4c9c80 .functor OR 1, L_0x55c49c4c9b60, L_0x55c49c4c9bd0, C4<0>, C4<0>;
v0x55c49c4bdd60_0 .net *"_s0", 0 0, L_0x55c49c4c97a0;  1 drivers
v0x55c49c4bde40_0 .net *"_s10", 0 0, L_0x55c49c4c9bd0;  1 drivers
v0x55c49c4bdf20_0 .net *"_s4", 0 0, L_0x55c49c4c98d0;  1 drivers
v0x55c49c4be010_0 .net *"_s6", 0 0, L_0x55c49c4c9a60;  1 drivers
v0x55c49c4be0f0_0 .net *"_s8", 0 0, L_0x55c49c4c9b60;  1 drivers
v0x55c49c4be220_0 .net "a", 0 0, L_0x55c49c4c64e0;  alias, 1 drivers
v0x55c49c4be2e0_0 .net "b", 0 0, L_0x55c49c4c6990;  alias, 1 drivers
v0x55c49c4be3a0_0 .net "cin", 0 0, L_0x55c49c4c7810;  alias, 1 drivers
v0x55c49c4be460_0 .net "cout", 0 0, L_0x55c49c4c9c80;  alias, 1 drivers
v0x55c49c4be5b0_0 .net "s", 0 0, L_0x55c49c4c9810;  alias, 1 drivers
S_0x55c49c4be710 .scope module, "fa3_1" "fa1" 2 42, 2 65 0, S_0x55c49c488cc0;
 .timescale 0 0;
    .port_info 0 /INPUT 1 "a"
    .port_info 1 /INPUT 1 "b"
    .port_info 2 /INPUT 1 "cin"
    .port_info 3 /OUTPUT 1 "s"
    .port_info 4 /OUTPUT 1 "cout"
L_0x55c49c4c9d40 .functor XOR 1, L_0x55c49c4c7130, L_0x55c49c4c7b30, C4<0>, C4<0>;
L_0x55c49c4c9db0 .functor XOR 1, L_0x55c49c4c9d40, L_0x55c49c4c8580, C4<0>, C4<0>;
L_0x55c49c4c9e70 .functor AND 1, L_0x55c49c4c7130, L_0x55c49c4c7b30, C4<1>, C4<1>;
L_0x55c49c4ca000 .functor AND 1, L_0x55c49c4c7b30, L_0x55c49c4c8580, C4<1>, C4<1>;
L_0x55c49c4ca100 .functor OR 1, L_0x55c49c4c9e70, L_0x55c49c4ca000, C4<0>, C4<0>;
L_0x55c49c4ca170 .functor AND 1, L_0x55c49c4c8580, L_0x55c49c4c7130, C4<1>, C4<1>;
L_0x55c49c4ca220 .functor OR 1, L_0x55c49c4ca100, L_0x55c49c4ca170, C4<0>, C4<0>;
v0x55c49c4be910_0 .net *"_s0", 0 0, L_0x55c49c4c9d40;  1 drivers
v0x55c49c4bea10_0 .net *"_s10", 0 0, L_0x55c49c4ca170;  1 drivers
v0x55c49c4beaf0_0 .net *"_s4", 0 0, L_0x55c49c4c9e70;  1 drivers
v0x55c49c4bebe0_0 .net *"_s6", 0 0, L_0x55c49c4ca000;  1 drivers
v0x55c49c4becc0_0 .net *"_s8", 0 0, L_0x55c49c4ca100;  1 drivers
v0x55c49c4bedf0_0 .net "a", 0 0, L_0x55c49c4c7130;  alias, 1 drivers
v0x55c49c4beeb0_0 .net "b", 0 0, L_0x55c49c4c7b30;  alias, 1 drivers
v0x55c49c4bef70_0 .net "cin", 0 0, L_0x55c49c4c8580;  alias, 1 drivers
v0x55c49c4bf030_0 .net "cout", 0 0, L_0x55c49c4ca220;  alias, 1 drivers
v0x55c49c4bf180_0 .net "s", 0 0, L_0x55c49c4c9db0;  alias, 1 drivers
S_0x55c49c4bf2e0 .scope module, "ha0_1" "ha1" 2 36, 2 76 0, S_0x55c49c488cc0;
 .timescale 0 0;
    .port_info 0 /INPUT 1 "a"
    .port_info 1 /INPUT 1 "b"
    .port_info 2 /OUTPUT 1 "s"
    .port_info 3 /OUTPUT 1 "cout"
L_0x55c49c4c91a0 .functor XOR 1, L_0x55c49c4c5e80, L_0x55c49c4c6740, C4<0>, C4<0>;
L_0x55c49c4c9260 .functor AND 1, L_0x55c49c4c5e80, L_0x55c49c4c6740, C4<1>, C4<1>;
v0x55c49c4bf520_0 .net "a", 0 0, L_0x55c49c4c5e80;  alias, 1 drivers
v0x55c49c4bf600_0 .net "b", 0 0, L_0x55c49c4c6740;  alias, 1 drivers
v0x55c49c4bf6c0_0 .net "cout", 0 0, L_0x55c49c4c9260;  alias, 1 drivers
v0x55c49c4bf760_0 .net "s", 0 0, L_0x55c49c4c91a0;  alias, 1 drivers
S_0x55c49c4bf8d0 .scope module, "ha0_2" "ha1" 2 48, 2 76 0, S_0x55c49c488cc0;
 .timescale 0 0;
    .port_info 0 /INPUT 1 "a"
    .port_info 1 /INPUT 1 "b"
    .port_info 2 /OUTPUT 1 "s"
    .port_info 3 /OUTPUT 1 "cout"
L_0x55c49c4ca4e0 .functor XOR 1, L_0x55c49c4c9810, L_0x55c49c4c96e0, C4<0>, C4<0>;
L_0x55c49c4ca670 .functor AND 1, L_0x55c49c4c9810, L_0x55c49c4c96e0, C4<1>, C4<1>;
v0x55c49c4bfb10_0 .net "a", 0 0, L_0x55c49c4c9810;  alias, 1 drivers
v0x55c49c4bfc00_0 .net "b", 0 0, L_0x55c49c4c96e0;  alias, 1 drivers
v0x55c49c4bfcd0_0 .net "cout", 0 0, L_0x55c49c4ca670;  alias, 1 drivers
v0x55c49c4bfda0_0 .net "s", 0 0, L_0x55c49c4ca4e0;  alias, 1 drivers
S_0x55c49c4bfed0 .scope module, "ha1_2" "ha1" 2 50, 2 76 0, S_0x55c49c488cc0;
 .timescale 0 0;
    .port_info 0 /INPUT 1 "a"
    .port_info 1 /INPUT 1 "b"
    .port_info 2 /OUTPUT 1 "s"
    .port_info 3 /OUTPUT 1 "cout"
L_0x55c49c4ca6e0 .functor XOR 1, L_0x55c49c4c9db0, L_0x55c49c4c9c80, C4<0>, C4<0>;
L_0x55c49c4ca870 .functor AND 1, L_0x55c49c4c9db0, L_0x55c49c4c9c80, C4<1>, C4<1>;
v0x55c49c4c0110_0 .net "a", 0 0, L_0x55c49c4c9db0;  alias, 1 drivers
v0x55c49c4c0200_0 .net "b", 0 0, L_0x55c49c4c9c80;  alias, 1 drivers
v0x55c49c4c02d0_0 .net "cout", 0 0, L_0x55c49c4ca870;  alias, 1 drivers
v0x55c49c4c03a0_0 .net "s", 0 0, L_0x55c49c4ca6e0;  alias, 1 drivers
S_0x55c49c4c04d0 .scope module, "ha2_2" "ha1" 2 52, 2 76 0, S_0x55c49c488cc0;
 .timescale 0 0;
    .port_info 0 /INPUT 1 "a"
    .port_info 1 /INPUT 1 "b"
    .port_info 2 /OUTPUT 1 "s"
    .port_info 3 /OUTPUT 1 "cout"
L_0x55c49c4ca8e0 .functor XOR 1, L_0x55c49c4ca2e0, L_0x55c49c4ca220, C4<0>, C4<0>;
L_0x55c49c4caa70 .functor AND 1, L_0x55c49c4ca2e0, L_0x55c49c4ca220, C4<1>, C4<1>;
v0x55c49c4c0710_0 .net "a", 0 0, L_0x55c49c4ca2e0;  alias, 1 drivers
v0x55c49c4c07f0_0 .net "b", 0 0, L_0x55c49c4ca220;  alias, 1 drivers
v0x55c49c4c08e0_0 .net "cout", 0 0, L_0x55c49c4caa70;  alias, 1 drivers
v0x55c49c4c09b0_0 .net "s", 0 0, L_0x55c49c4ca8e0;  alias, 1 drivers
S_0x55c49c4c0ae0 .scope module, "ha3_2" "ha1" 2 54, 2 76 0, S_0x55c49c488cc0;
 .timescale 0 0;
    .port_info 0 /INPUT 1 "a"
    .port_info 1 /INPUT 1 "b"
    .port_info 2 /OUTPUT 1 "s"
    .port_info 3 /OUTPUT 1 "cout"
L_0x55c49c4caae0 .functor XOR 1, L_0x55c49c4c8ef0, L_0x55c49c4ca350, C4<0>, C4<0>;
L_0x55c49c4cabe0 .functor AND 1, L_0x55c49c4c8ef0, L_0x55c49c4ca350, C4<1>, C4<1>;
v0x55c49c4c0db0_0 .net "a", 0 0, L_0x55c49c4c8ef0;  alias, 1 drivers
v0x55c49c4c0e90_0 .net "b", 0 0, L_0x55c49c4ca350;  alias, 1 drivers
v0x55c49c4c0f50_0 .net "cout", 0 0, L_0x55c49c4cabe0;  alias, 1 drivers
v0x55c49c4c1020_0 .net "s", 0 0, L_0x55c49c4caae0;  alias, 1 drivers
S_0x55c49c4c1190 .scope module, "ha4_1" "ha1" 2 44, 2 76 0, S_0x55c49c488cc0;
 .timescale 0 0;
    .port_info 0 /INPUT 1 "a"
    .port_info 1 /INPUT 1 "b"
    .port_info 2 /OUTPUT 1 "s"
    .port_info 3 /OUTPUT 1 "cout"
L_0x55c49c4ca2e0 .functor XOR 1, L_0x55c49c4c7e50, L_0x55c49c4c7fb0, C4<0>, C4<0>;
L_0x55c49c4ca350 .functor AND 1, L_0x55c49c4c7e50, L_0x55c49c4c7fb0, C4<1>, C4<1>;
v0x55c49c4c1380_0 .net "a", 0 0, L_0x55c49c4c7e50;  alias, 1 drivers
v0x55c49c4c1460_0 .net "b", 0 0, L_0x55c49c4c7fb0;  alias, 1 drivers
v0x55c49c4c1520_0 .net "cout", 0 0, L_0x55c49c4ca350;  alias, 1 drivers
v0x55c49c4c1620_0 .net "s", 0 0, L_0x55c49c4ca2e0;  alias, 1 drivers
# The file index is used to find the file name in the following table.
:file_names 4;
    "N/A";
    "<interactive>";
    "4bitWallace.v";
    "carryPropagateAdder8bit.v";
